#
# There is insufficient memory for the Java Runtime Environment to continue.
# Cannot create worker GC thread. Out of system resources.
# Possible reasons:
#   The system is out of physical RAM or swap space
#   The process is running with CompressedOops enabled, and the Java Heap may be blocking the growth of the native heap
# Possible solutions:
#   Reduce memory load on the system
#   Increase physical memory or swap space
#   Check if swap backing store is full
#   Decrease Java heap size (-Xmx/-Xms)
#   Decrease number of Java threads
#   Decrease Java thread stack sizes (-Xss)
#   Set larger code cache with -XX:ReservedCodeCacheSize=
#   JVM is running with Unscaled Compressed Oops mode in which the Java heap is
#     placed in the first 4GB address space. The Java Heap base address is the
#     maximum limit for the native heap growth. Please use -XX:HeapBaseMinAddress
#     to set the Java Heap base and to place the Java Heap above 4GB virtual address.
# This output file may be truncated or incomplete.
#
#  Out of Memory Error (workerManager.hpp:87), pid=15953, tid=15972
#
# JRE version:  (17.0.6+10) (build )
# Java VM: OpenJDK 64-Bit Server VM (17.0.6+10, mixed mode, sharing, tiered, compressed oops, compressed class ptrs, g1 gc, linux-amd64)
# Core dump will be written. Default location: Core dumps may be processed with "/lib/systemd/systemd-coredump %P %u %g %s %t 9223372036854775808 %h" (or dumping to /home/santhiya/eclipse-workspace/execise4/core.15953)
#

---------------  S U M M A R Y ------------

Command Line: -XX:+ShowCodeDetailsInExceptionMessages -agentlib:jdwp=transport=dt_socket,suspend=y,address=localhost:44481 -javaagent:/home/santhiya/.var/app/org.eclipse.Java/eclipse/configuration/org.eclipse.osgi/225/0/.cp/lib/javaagent-shaded.jar -Dfile.encoding=UTF-8 --module-path=/home/santhiya/eclipse-workspace/execise4/bin -Djdk.module.main=execise4 execise4/execise4.Puzzles

Host: AMD PRO A4-3350B APU with Radeon R4 Graphics, 4 cores, 3G, GNOME 43 (Flatpak runtime)
Time: Mon May 29 01:05:56 2023 EDT elapsed time: 0.010028 seconds (0d 0h 0m 0s)

---------------  T H R E A D  ---------------

Current thread (0x00007fca3c0285f0):  JavaThread "Unknown thread" [_thread_in_vm, id=15972, stack(0x00007fca43a1d000,0x00007fca43b1d000)]

Stack: [0x00007fca43a1d000,0x00007fca43b1d000],  sp=0x00007fca43b1b5b0,  free space=1017k
Native frames: (J=compiled Java code, j=interpreted, Vv=VM code, C=native code)
V  [libjvm.so+0xede141]
V  [libjvm.so+0xeded0d]
V  [libjvm.so+0x606e43]
V  [libjvm.so+0xf11d0f]
V  [libjvm.so+0xf11eaa]
V  [libjvm.so+0x6ed461]
V  [libjvm.so+0xe8c9f2]
V  [libjvm.so+0x7f8e07]
V  [libjvm.so+0xe63cb7]
V  [libjvm.so+0x8b5f22]  JNI_CreateJavaVM+0x52
C  [libjli.so+0x4a0f]
C  [libjli.so+0x8cf9]
C  [libc.so.6+0x8f1da]


---------------  P R O C E S S  ---------------

Threads class SMR info:
_java_thread_list=0x00007fca44f38620, length=0, elements={
}

Java Threads: ( => current thread )

Other Threads:

[error occurred during error reporting (printing all threads), id 0xb, SIGSEGV (0xb) at pc=0x00007fca442f9c20]

VM state: not at safepoint (not fully initialized)

VM Mutex/Monitor currently owned by a thread:  ([mutex/lock_event])
[0x00007fca3c025b30] Heap_lock - owner thread: 0x00007fca3c0285f0

Heap address: 0x00000000cb200000, size: 846 MB, Compressed Oops mode: 32-bit

CDS archive(s) mapped at: [0x0000000000000000-0x0000000000000000-0x0000000000000000), size 0, SharedBaseAddress: 0x0000000800000000, ArchiveRelocationMode: 0.
Narrow klass base: 0x0000000000000000, Narrow klass shift: 0, Narrow klass range: 0x0

GC Precious Log:
<Empty>

Heap:
 garbage-first heap   total 0K, used 0K [0x00000000cb200000, 0x0000000100000000)
  region size 1024K, 0 young (0K), 0 survivors (0K)

[error occurred during error reporting (printing heap information), id 0xb, SIGSEGV (0xb) at pc=0x00007fca448b9ffa]

GC Heap History (0 events):
No events

Dll operation events (1 events):
Event: 0.007 Loaded shared library /app/eclipse/plugins/org.eclipse.justj.openjdk.hotspot.jre.full.linux.x86_64_17.0.6.v20230204-1729/jre/lib/libjava.so

Deoptimization events (0 events):
No events

Classes unloaded (0 events):
No events

Classes redefined (0 events):
No events

Internal exceptions (0 events):
No events

VM Operations (0 events):
No events

Events (1 events):
Event: 0.007 Protecting memory [0x00007fca43a1d000,0x00007fca43a21000] with protection modes 0


Dynamic libraries:
cb200000-100000000 ---p 00000000 00:00 0 
558c3a2dc000-558c3a2dd000 r--p 00000000 08:07 427544                     /app/eclipse/plugins/org.eclipse.justj.openjdk.hotspot.jre.full.linux.x86_64_17.0.6.v20230204-1729/jre/bin/java
558c3a2dd000-558c3a2de000 r-xp 00001000 08:07 427544                     /app/eclipse/plugins/org.eclipse.justj.openjdk.hotspot.jre.full.linux.x86_64_17.0.6.v20230204-1729/jre/bin/java
558c3a2de000-558c3a2df000 r--p 00002000 08:07 427544                     /app/eclipse/plugins/org.eclipse.justj.openjdk.hotspot.jre.full.linux.x86_64_17.0.6.v20230204-1729/jre/bin/java
558c3a2df000-558c3a2e0000 r--p 00002000 08:07 427544                     /app/eclipse/plugins/org.eclipse.justj.openjdk.hotspot.jre.full.linux.x86_64_17.0.6.v20230204-1729/jre/bin/java
558c3a2e0000-558c3a2e1000 rw-p 00003000 08:07 427544                     /app/eclipse/plugins/org.eclipse.justj.openjdk.hotspot.jre.full.linux.x86_64_17.0.6.v20230204-1729/jre/bin/java
558c3a3a3000-558c3a3eb000 rw-p 00000000 00:00 0                          [heap]
7fca2ac96000-7fca2ac97000 ---p 00000000 00:00 0 
7fca2ac97000-7fca2ad98000 rw-p 00000000 00:00 0 
7fca2ad98000-7fca2ccfd000 ---p 00000000 00:00 0 
7fca2ccfd000-7fca2d000000 rw-p 00000000 00:00 0 
7fca2d000000-7fca2d270000 rwxp 00000000 00:00 0 
7fca2d270000-7fca34537000 ---p 00000000 00:00 0 
7fca34537000-7fca347a7000 rwxp 00000000 00:00 0 
7fca347a7000-7fca34ac8000 ---p 00000000 00:00 0 
7fca34ac8000-7fca34d38000 rwxp 00000000 00:00 0 
7fca34d38000-7fca3c000000 ---p 00000000 00:00 0 
7fca3c000000-7fca3c086000 rw-p 00000000 00:00 0 
7fca3c086000-7fca40000000 ---p 00000000 00:00 0 
7fca40014000-7fca4011a000 rw-p 00000000 00:00 0 
7fca4011a000-7fca40200000 ---p 00000000 00:00 0 
7fca40200000-7fca43862000 r--s 00000000 08:07 427966                     /app/eclipse/plugins/org.eclipse.justj.openjdk.hotspot.jre.full.linux.x86_64_17.0.6.v20230204-1729/jre/lib/modules
7fca43932000-7fca43937000 rw-p 00000000 00:00 0 
7fca43937000-7fca43a1d000 ---p 00000000 00:00 0 
7fca43a1d000-7fca43a21000 ---p 00000000 00:00 0 
7fca43a21000-7fca43b1d000 rw-p 00000000 00:00 0 
7fca43b1d000-7fca43b2b000 r--p 00000000 08:07 405175                     /usr/lib/x86_64-linux-gnu/libm.so.6
7fca43b2b000-7fca43ba1000 r-xp 0000e000 08:07 405175                     /usr/lib/x86_64-linux-gnu/libm.so.6
7fca43ba1000-7fca43bfe000 r--p 00084000 08:07 405175                     /usr/lib/x86_64-linux-gnu/libm.so.6
7fca43bfe000-7fca43bff000 r--p 000e0000 08:07 405175                     /usr/lib/x86_64-linux-gnu/libm.so.6
7fca43bff000-7fca43c00000 rw-p 000e1000 08:07 405175                     /usr/lib/x86_64-linux-gnu/libm.so.6
7fca43c00000-7fca43e52000 r--p 00000000 08:07 427417                     /app/eclipse/plugins/org.eclipse.justj.openjdk.hotspot.jre.full.linux.x86_64_17.0.6.v20230204-1729/jre/lib/server/libjvm.so
7fca43e52000-7fca44b6f000 r-xp 00252000 08:07 427417                     /app/eclipse/plugins/org.eclipse.justj.openjdk.hotspot.jre.full.linux.x86_64_17.0.6.v20230204-1729/jre/lib/server/libjvm.so
7fca44b6f000-7fca44dfb000 r--p 00f6f000 08:07 427417                     /app/eclipse/plugins/org.eclipse.justj.openjdk.hotspot.jre.full.linux.x86_64_17.0.6.v20230204-1729/jre/lib/server/libjvm.so
7fca44dfb000-7fca44eb4000 r--p 011fa000 08:07 427417                     /app/eclipse/plugins/org.eclipse.justj.openjdk.hotspot.jre.full.linux.x86_64_17.0.6.v20230204-1729/jre/lib/server/libjvm.so
7fca44eb4000-7fca44ee9000 rw-p 012b3000 08:07 427417                     /app/eclipse/plugins/org.eclipse.justj.openjdk.hotspot.jre.full.linux.x86_64_17.0.6.v20230204-1729/jre/lib/server/libjvm.so
7fca44ee9000-7fca44f43000 rw-p 00000000 00:00 0 
7fca44f6d000-7fca44f8f000 rw-p 00000000 00:00 0 
7fca44f8f000-7fca44f96000 ---p 00000000 00:00 0 
7fca44f96000-7fca44fa3000 r--p 00000000 08:07 427011                     /app/eclipse/plugins/org.eclipse.justj.openjdk.hotspot.jre.full.linux.x86_64_17.0.6.v20230204-1729/jre/lib/libjava.so
7fca44fa3000-7fca44fb5000 r-xp 0000d000 08:07 427011                     /app/eclipse/plugins/org.eclipse.justj.openjdk.hotspot.jre.full.linux.x86_64_17.0.6.v20230204-1729/jre/lib/libjava.so
7fca44fb5000-7fca44fbb000 r--p 0001f000 08:07 427011                     /app/eclipse/plugins/org.eclipse.justj.openjdk.hotspot.jre.full.linux.x86_64_17.0.6.v20230204-1729/jre/lib/libjava.so
7fca44fbb000-7fca44fbc000 ---p 00025000 08:07 427011                     /app/eclipse/plugins/org.eclipse.justj.openjdk.hotspot.jre.full.linux.x86_64_17.0.6.v20230204-1729/jre/lib/libjava.so
7fca44fbc000-7fca44fbd000 r--p 00025000 08:07 427011                     /app/eclipse/plugins/org.eclipse.justj.openjdk.hotspot.jre.full.linux.x86_64_17.0.6.v20230204-1729/jre/lib/libjava.so
7fca44fbd000-7fca44fbe000 rw-p 00026000 08:07 427011                     /app/eclipse/plugins/org.eclipse.justj.openjdk.hotspot.jre.full.linux.x86_64_17.0.6.v20230204-1729/jre/lib/libjava.so
7fca44fbe000-7fca44fbf000 rw-p 00000000 00:00 0 
7fca44fbf000-7fca44fc2000 r--p 00000000 08:07 427012                     /app/eclipse/plugins/org.eclipse.justj.openjdk.hotspot.jre.full.linux.x86_64_17.0.6.v20230204-1729/jre/lib/libjdwp.so
7fca44fc2000-7fca44fef000 r-xp 00003000 08:07 427012                     /app/eclipse/plugins/org.eclipse.justj.openjdk.hotspot.jre.full.linux.x86_64_17.0.6.v20230204-1729/jre/lib/libjdwp.so
7fca44fef000-7fca44ffd000 r--p 00030000 08:07 427012                     /app/eclipse/plugins/org.eclipse.justj.openjdk.hotspot.jre.full.linux.x86_64_17.0.6.v20230204-1729/jre/lib/libjdwp.so
7fca44ffd000-7fca44ffe000 r--p 0003d000 08:07 427012                     /app/eclipse/plugins/org.eclipse.justj.openjdk.hotspot.jre.full.linux.x86_64_17.0.6.v20230204-1729/jre/lib/libjdwp.so
7fca44ffe000-7fca44fff000 rw-p 0003e000 08:07 427012                     /app/eclipse/plugins/org.eclipse.justj.openjdk.hotspot.jre.full.linux.x86_64_17.0.6.v20230204-1729/jre/lib/libjdwp.so
7fca44fff000-7fca45000000 rw-p 00000000 00:00 0 
7fca45000000-7fca45028000 r--p 00000000 08:07 425351                     /usr/lib/x86_64-linux-gnu/libc.so.6
7fca45028000-7fca451a8000 r-xp 00028000 08:07 425351                     /usr/lib/x86_64-linux-gnu/libc.so.6
7fca451a8000-7fca451fa000 r--p 001a8000 08:07 425351                     /usr/lib/x86_64-linux-gnu/libc.so.6
7fca451fa000-7fca451fe000 r--p 001f9000 08:07 425351                     /usr/lib/x86_64-linux-gnu/libc.so.6
7fca451fe000-7fca45200000 rw-p 001fd000 08:07 425351                     /usr/lib/x86_64-linux-gnu/libc.so.6
7fca45200000-7fca4520d000 rw-p 00000000 00:00 0 
7fca45218000-7fca45220000 rw-s 00000000 08:07 2272346                    /tmp/hsperfdata_santhiya/15953
7fca45220000-7fca45222000 r--p 00000000 08:07 426959                     /app/eclipse/plugins/org.eclipse.justj.openjdk.hotspot.jre.full.linux.x86_64_17.0.6.v20230204-1729/jre/lib/libinstrument.so
7fca45222000-7fca45228000 r-xp 00002000 08:07 426959                     /app/eclipse/plugins/org.eclipse.justj.openjdk.hotspot.jre.full.linux.x86_64_17.0.6.v20230204-1729/jre/lib/libinstrument.so
7fca45228000-7fca4522b000 r--p 00008000 08:07 426959                     /app/eclipse/plugins/org.eclipse.justj.openjdk.hotspot.jre.full.linux.x86_64_17.0.6.v20230204-1729/jre/lib/libinstrument.so
7fca4522b000-7fca4522c000 r--p 0000a000 08:07 426959                     /app/eclipse/plugins/org.eclipse.justj.openjdk.hotspot.jre.full.linux.x86_64_17.0.6.v20230204-1729/jre/lib/libinstrument.so
7fca4522c000-7fca4522d000 rw-p 0000b000 08:07 426959                     /app/eclipse/plugins/org.eclipse.justj.openjdk.hotspot.jre.full.linux.x86_64_17.0.6.v20230204-1729/jre/lib/libinstrument.so
7fca4522d000-7fca45231000 r--p 00000000 08:07 427431                     /app/eclipse/plugins/org.eclipse.justj.openjdk.hotspot.jre.full.linux.x86_64_17.0.6.v20230204-1729/jre/lib/libjimage.so
7fca45231000-7fca45244000 r-xp 00004000 08:07 427431                     /app/eclipse/plugins/org.eclipse.justj.openjdk.hotspot.jre.full.linux.x86_64_17.0.6.v20230204-1729/jre/lib/libjimage.so
7fca45244000-7fca4524a000 r--p 00017000 08:07 427431                     /app/eclipse/plugins/org.eclipse.justj.openjdk.hotspot.jre.full.linux.x86_64_17.0.6.v20230204-1729/jre/lib/libjimage.so
7fca4524a000-7fca4524c000 r--p 0001c000 08:07 427431                     /app/eclipse/plugins/org.eclipse.justj.openjdk.hotspot.jre.full.linux.x86_64_17.0.6.v20230204-1729/jre/lib/libjimage.so
7fca4524c000-7fca4524d000 rw-p 0001e000 08:07 427431                     /app/eclipse/plugins/org.eclipse.justj.openjdk.hotspot.jre.full.linux.x86_64_17.0.6.v20230204-1729/jre/lib/libjimage.so
7fca4524d000-7fca4524e000 r--p 00000000 08:07 417275                     /usr/lib/x86_64-linux-gnu/librt.so.1
7fca4524e000-7fca4524f000 r-xp 00001000 08:07 417275                     /usr/lib/x86_64-linux-gnu/librt.so.1
7fca4524f000-7fca45250000 r--p 00002000 08:07 417275                     /usr/lib/x86_64-linux-gnu/librt.so.1
7fca45250000-7fca45251000 r--p 00002000 08:07 417275                     /usr/lib/x86_64-linux-gnu/librt.so.1
7fca45251000-7fca45252000 rw-p 00003000 08:07 417275                     /usr/lib/x86_64-linux-gnu/librt.so.1
7fca45252000-7fca45256000 rw-p 00000000 00:00 0 
7fca45256000-7fca45257000 r--p 00000000 08:07 418045                     /usr/lib/x86_64-linux-gnu/libdl.so.2
7fca45257000-7fca45258000 r-xp 00001000 08:07 418045                     /usr/lib/x86_64-linux-gnu/libdl.so.2
7fca45258000-7fca45259000 r--p 00002000 08:07 418045                     /usr/lib/x86_64-linux-gnu/libdl.so.2
7fca45259000-7fca4525a000 r--p 00002000 08:07 418045                     /usr/lib/x86_64-linux-gnu/libdl.so.2
7fca4525a000-7fca4525b000 rw-p 00003000 08:07 418045                     /usr/lib/x86_64-linux-gnu/libdl.so.2
7fca4525b000-7fca4525c000 r--p 00000000 08:07 404935                     /usr/lib/x86_64-linux-gnu/libpthread.so.0
7fca4525c000-7fca4525d000 r-xp 00001000 08:07 404935                     /usr/lib/x86_64-linux-gnu/libpthread.so.0
7fca4525d000-7fca4525e000 r--p 00002000 08:07 404935                     /usr/lib/x86_64-linux-gnu/libpthread.so.0
7fca4525e000-7fca4525f000 r--p 00002000 08:07 404935                     /usr/lib/x86_64-linux-gnu/libpthread.so.0
7fca4525f000-7fca45260000 rw-p 00003000 08:07 404935                     /usr/lib/x86_64-linux-gnu/libpthread.so.0
7fca45260000-7fca45263000 r--p 00000000 08:07 426743                     /app/eclipse/plugins/org.eclipse.justj.openjdk.hotspot.jre.full.linux.x86_64_17.0.6.v20230204-1729/jre/lib/libjli.so
7fca45263000-7fca4526d000 r-xp 00003000 08:07 426743                     /app/eclipse/plugins/org.eclipse.justj.openjdk.hotspot.jre.full.linux.x86_64_17.0.6.v20230204-1729/jre/lib/libjli.so
7fca4526d000-7fca45270000 r--p 0000d000 08:07 426743                     /app/eclipse/plugins/org.eclipse.justj.openjdk.hotspot.jre.full.linux.x86_64_17.0.6.v20230204-1729/jre/lib/libjli.so
7fca45270000-7fca45271000 ---p 00010000 08:07 426743                     /app/eclipse/plugins/org.eclipse.justj.openjdk.hotspot.jre.full.linux.x86_64_17.0.6.v20230204-1729/jre/lib/libjli.so
7fca45271000-7fca45272000 r--p 00010000 08:07 426743                     /app/eclipse/plugins/org.eclipse.justj.openjdk.hotspot.jre.full.linux.x86_64_17.0.6.v20230204-1729/jre/lib/libjli.so
7fca45272000-7fca45273000 rw-p 00011000 08:07 426743                     /app/eclipse/plugins/org.eclipse.justj.openjdk.hotspot.jre.full.linux.x86_64_17.0.6.v20230204-1729/jre/lib/libjli.so
7fca45273000-7fca45276000 r--p 00000000 08:07 425024                     /usr/lib/x86_64-linux-gnu/libz.so.1.2.13
7fca45276000-7fca45285000 r-xp 00003000 08:07 425024                     /usr/lib/x86_64-linux-gnu/libz.so.1.2.13
7fca45285000-7fca4528b000 r--p 00012000 08:07 425024                     /usr/lib/x86_64-linux-gnu/libz.so.1.2.13
7fca4528b000-7fca4528c000 ---p 00018000 08:07 425024                     /usr/lib/x86_64-linux-gnu/libz.so.1.2.13
7fca4528c000-7fca4528d000 r--p 00018000 08:07 425024                     /usr/lib/x86_64-linux-gnu/libz.so.1.2.13
7fca4528d000-7fca4528e000 rw-p 00019000 08:07 425024                     /usr/lib/x86_64-linux-gnu/libz.so.1.2.13
7fca45293000-7fca45294000 ---p 00000000 00:00 0 
7fca45294000-7fca45295000 r--p 00000000 00:00 0 
7fca45295000-7fca45296000 ---p 00000000 00:00 0 
7fca45296000-7fca45298000 rw-p 00000000 00:00 0 
7fca45298000-7fca4529a000 r--p 00000000 08:07 421012                     /usr/lib/x86_64-linux-gnu/ld-linux-x86-64.so.2
7fca4529a000-7fca452c2000 r-xp 00002000 08:07 421012                     /usr/lib/x86_64-linux-gnu/ld-linux-x86-64.so.2
7fca452c2000-7fca452cd000 r--p 0002a000 08:07 421012                     /usr/lib/x86_64-linux-gnu/ld-linux-x86-64.so.2
7fca452cd000-7fca452cf000 r--p 00034000 08:07 421012                     /usr/lib/x86_64-linux-gnu/ld-linux-x86-64.so.2
7fca452cf000-7fca452d1000 rw-p 00036000 08:07 421012                     /usr/lib/x86_64-linux-gnu/ld-linux-x86-64.so.2
7fff93836000-7fff93857000 rw-p 00000000 00:00 0                          [stack]
7fff93978000-7fff9397c000 r--p 00000000 00:00 0                          [vvar]
7fff9397c000-7fff9397e000 r-xp 00000000 00:00 0                          [vdso]
ffffffffff600000-ffffffffff601000 --xp 00000000 00:00 0                  [vsyscall]


VM Arguments:
jvm_args: -XX:+ShowCodeDetailsInExceptionMessages -agentlib:jdwp=transport=dt_socket,suspend=y,address=localhost:44481 -javaagent:/home/santhiya/.var/app/org.eclipse.Java/eclipse/configuration/org.eclipse.osgi/225/0/.cp/lib/javaagent-shaded.jar -Dfile.encoding=UTF-8 --module-path=/home/santhiya/eclipse-workspace/execise4/bin -Djdk.module.main=execise4 
java_command: execise4/execise4.Puzzles
java_class_path (initial): <not set>
Launcher Type: SUN_STANDARD

[Global flags]
     intx CICompilerCount                          = 3                                         {product} {ergonomic}
     uint ConcGCThreads                            = 1                                         {product} {ergonomic}
     uint G1ConcRefinementThreads                  = 4                                         {product} {ergonomic}
   size_t G1HeapRegionSize                         = 1048576                                   {product} {ergonomic}
    uintx GCDrainStackTargetSize                   = 64                                        {product} {ergonomic}
   size_t InitialHeapSize                          = 56623104                                  {product} {ergonomic}
   size_t MarkStackSize                            = 4194304                                   {product} {ergonomic}
   size_t MaxHeapSize                              = 887095296                                 {product} {ergonomic}
   size_t MinHeapDeltaBytes                        = 1048576                                   {product} {ergonomic}
   size_t MinHeapSize                              = 8388608                                   {product} {ergonomic}
    uintx NonNMethodCodeHeapSize                   = 5832780                                {pd product} {ergonomic}
    uintx NonProfiledCodeHeapSize                  = 122912730                              {pd product} {ergonomic}
    uintx ProfiledCodeHeapSize                     = 122912730                              {pd product} {ergonomic}
    uintx ReservedCodeCacheSize                    = 251658240                              {pd product} {ergonomic}
     bool SegmentedCodeCache                       = true                                      {product} {ergonomic}
     bool ShowCodeDetailsInExceptionMessages       = true                                   {manageable} {command line}
   size_t SoftMaxHeapSize                          = 887095296                              {manageable} {ergonomic}
     bool UseCompressedClassPointers               = true                           {product lp64_product} {ergonomic}
     bool UseCompressedOops                        = true                           {product lp64_product} {ergonomic}
     bool UseG1GC                                  = true                                      {product} {ergonomic}

Logging:
Log output configuration:
 #0: stdout all=warning uptime,level,tags
 #1: stderr all=off uptime,level,tags

Environment Variables:
PATH=/app/bin:/usr/bin
LD_LIBRARY_PATH=
SHELL=/bin/sh
DISPLAY=:99.0
LANG=en_US.UTF-8

Signal Handlers:
   SIGSEGV: 0x00007fca44aded30 in libjvm.so+15592752, mask=11100100010111111101111111111110, flags=SA_RESTART|SA_SIGINFO
    SIGBUS: 0x00007fca44aded30 in libjvm.so+15592752, mask=11100100010111111101111111111110, flags=SA_RESTART|SA_SIGINFO
    SIGFPE: 0x00007fca44aded30 in libjvm.so+15592752, mask=11100100010111111101111111111110, flags=SA_RESTART|SA_SIGINFO
   SIGPIPE: 0x00007fca449848a0 in libjvm.so+14174368, mask=11100100010111111101111111111110, flags=SA_RESTART|SA_SIGINFO
   SIGXFSZ: 0x00007fca449848a0 in libjvm.so+14174368, mask=11100100010111111101111111111110, flags=SA_RESTART|SA_SIGINFO
    SIGILL: 0x00007fca44aded30 in libjvm.so+15592752, mask=11100100010111111101111111111110, flags=SA_RESTART|SA_SIGINFO
   SIGUSR2: 0x00007fca44983f40 in libjvm.so+14171968, mask=00100000000000000000000000000000, flags=SA_RESTART|SA_SIGINFO
    SIGHUP: SIG_DFL, mask=00000000000000000000000000000000, flags=none
    SIGINT: SIG_DFL, mask=00000000000000000000000000000000, flags=none
   SIGTERM: SIG_DFL, mask=00000000000000000000000000000000, flags=none
   SIGQUIT: 0x00007fca44983e70 in libjvm.so+14171760, mask=11100100010111111101111111111110, flags=SA_RESTART|SA_SIGINFO
   SIGTRAP: 0x00007fca44aded30 in libjvm.so+15592752, mask=11100100010111111101111111111110, flags=SA_RESTART|SA_SIGINFO


---------------  S Y S T E M  ---------------

OS:
NAME=GNOME
VERSION="43 (Flatpak runtime)"
VERSION_ID=43
ID=org.gnome.Platform
PRETTY_NAME="GNOME 43 (Flatpak runtime)"
BUG_REPORT_URL="https://gitlab.gnome.org/GNOME/gnome-build-meta/-/issues/new"
HOME_URL="https://www.gnome.org/"
uname: Linux 5.19.0-42-generic #43~22.04.1-Ubuntu SMP PREEMPT_DYNAMIC Fri Apr 21 16:51:08 UTC 2 x86_64
OS uptime: 0 days 1:30 hours
libc: glibc 2.35 NPTL 2.35 
rlimit (soft/hard): STACK 8192k/infinity , CORE 0k/infinity , NPROC 12976/12976 , NOFILE 1048576/1048576 , AS infinity/infinity , CPU infinity/infinity , DATA infinity/infinity , FSIZE infinity/infinity , MEMLOCK 433128k/433128k
load average: 14.11 13.76 6.93

/proc/meminfo:
MemTotal:        3465040 kB
MemFree:          101528 kB
MemAvailable:      71992 kB
Buffers:            4816 kB
Cached:           131948 kB
SwapCached:       164552 kB
Active:           309308 kB
Inactive:        2614632 kB
Active(anon):     228116 kB
Inactive(anon):  2575408 kB
Active(file):      81192 kB
Inactive(file):    39224 kB
Unevictable:          64 kB
Mlocked:              64 kB
SwapTotal:       2097148 kB
SwapFree:         736036 kB
Zswap:                 0 kB
Zswapped:              0 kB
Dirty:              1668 kB
Writeback:             0 kB
AnonPages:       2705352 kB
Mapped:            95688 kB
Shmem:             16348 kB
KReclaimable:      52508 kB
Slab:             172260 kB
SReclaimable:      52508 kB
SUnreclaim:       119752 kB
KernelStack:       69088 kB
PageTables:        61604 kB
NFS_Unstable:          0 kB
Bounce:                0 kB
WritebackTmp:          0 kB
CommitLimit:     3829668 kB
Committed_AS:   23953468 kB
VmallocTotal:   34359738367 kB
VmallocUsed:      118640 kB
VmallocChunk:          0 kB
Percpu:             3056 kB
HardwareCorrupted:     0 kB
AnonHugePages:         0 kB
ShmemHugePages:        0 kB
ShmemPmdMapped:        0 kB
FileHugePages:         0 kB
FilePmdMapped:         0 kB
HugePages_Total:       0
HugePages_Free:        0
HugePages_Rsvd:        0
HugePages_Surp:        0
Hugepagesize:       2048 kB
Hugetlb:               0 kB
DirectMap4k:      238336 kB
DirectMap2M:     3395584 kB
DirectMap1G:           0 kB

/sys/kernel/mm/transparent_hugepage/enabled: <Not Available>
/sys/kernel/mm/transparent_hugepage/defrag (defrag/compaction efforts parameter): <Not Available>

Process Memory:
Virtual Size: 1297988K (peak: 1297988K)
Resident Set Size: 14596K (peak: 14596K) (anon: 1828K, file: 12768K, shmem: 0K)
Swapped out: 0K
C-Heap outstanding allocations: 4803K, retained: 148K
glibc malloc tunables: (default)

/proc/sys/kernel/threads-max (system-wide limit on the number of threads): 25953
/proc/sys/vm/max_map_count (maximum number of memory map areas a process may have): 65530
/proc/sys/kernel/pid_max (system-wide limit on number of process identifiers): 4194304

container information not found.
Steal ticks since vm start: 0
Steal ticks percentage since vm start:  0.000

CPU: total 4 (initial active 4) (4 cores per cpu, 1 threads per core) family 22 model 48 stepping 1 microcode 0x7030105, cx8, cmov, fxsr, mmx, 3dnowpref, sse, sse2, sse3, ssse3, sse4a, sse4.1, sse4.2, popcnt, lzcnt, tsc, tscinvbit, avx, aes, clmul, bmi1, vzeroupper, clflush
CPU Model and flags from /proc/cpuinfo:
model name	: AMD PRO A4-3350B APU with Radeon R4 Graphics
flags		: fpu vme de pse tsc msr pae mce cx8 apic sep mtrr pge mca cmov pat pse36 clflush mmx fxsr sse sse2 ht syscall nx mmxext fxsr_opt pdpe1gb rdtscp lm constant_tsc rep_good acc_power nopl nonstop_tsc cpuid extd_apicid aperfmperf pni pclmulqdq monitor ssse3 cx16 sse4_1 sse4_2 movbe popcnt aes xsave avx f16c lahf_lm cmp_legacy svm extapic cr8_legacy abm sse4a misalignsse 3dnowprefetch osvw ibs skinit wdt topoext perfctr_nb bpext ptsc perfctr_llc cpb hw_pstate ssbd vmmcall bmi1 xsaveopt arat npt lbrv svm_lock nrip_save tsc_scale flushbyasid decodeassists pausefilter pfthreshold overflow_recov

Online cpus: 0-3
Offline cpus: 
BIOS frequency limitation: 2000000
Frequency switch latency (ns): 4000
Available cpu frequencies: 2000000 1800000 1600000 1400000 1200000 1000000 
Current governor: schedutil
Core performance/turbo boost: 1

Memory: 4k page, physical 3465040k(101528k free), swap 2097148k(736036k free)
Page Sizes: 4k

vm_info: OpenJDK 64-Bit Server VM (17.0.6+10) for linux-amd64 JRE (17.0.6+10), built on Jan 17 2023 00:00:00 by "temurin" with gcc 10.3.0

END.
