#
# There is insufficient memory for the Java Runtime Environment to continue.
# Cannot create worker GC thread. Out of system resources.
# Possible reasons:
#   The system is out of physical RAM or swap space
#   The process is running with CompressedOops enabled, and the Java Heap may be blocking the growth of the native heap
# Possible solutions:
#   Reduce memory load on the system
#   Increase physical memory or swap space
#   Check if swap backing store is full
#   Decrease Java heap size (-Xmx/-Xms)
#   Decrease number of Java threads
#   Decrease Java thread stack sizes (-Xss)
#   Set larger code cache with -XX:ReservedCodeCacheSize=
#   JVM is running with Unscaled Compressed Oops mode in which the Java heap is
#     placed in the first 4GB address space. The Java Heap base address is the
#     maximum limit for the native heap growth. Please use -XX:HeapBaseMinAddress
#     to set the Java Heap base and to place the Java Heap above 4GB virtual address.
# This output file may be truncated or incomplete.
#
#  Out of Memory Error (workerManager.hpp:87), pid=13728, tid=13737
#
# JRE version:  (17.0.6+10) (build )
# Java VM: OpenJDK 64-Bit Server VM (17.0.6+10, mixed mode, sharing, tiered, compressed oops, compressed class ptrs, g1 gc, linux-amd64)
# Core dump will be written. Default location: Core dumps may be processed with "/lib/systemd/systemd-coredump %P %u %g %s %t 9223372036854775808 %h" (or dumping to /home/santhiya/eclipse-workspace/execise4/core.13728)
#

---------------  S U M M A R Y ------------

Command Line: -XX:+ShowCodeDetailsInExceptionMessages -agentlib:jdwp=transport=dt_socket,suspend=y,address=localhost:45435 -javaagent:/home/santhiya/.var/app/org.eclipse.Java/eclipse/configuration/org.eclipse.osgi/225/0/.cp/lib/javaagent-shaded.jar -Dfile.encoding=UTF-8 --module-path=/home/santhiya/eclipse-workspace/execise4/bin -Djdk.module.main=execise4 execise4/execise4.Puzzles

Host: AMD PRO A4-3350B APU with Radeon R4 Graphics, 4 cores, 3G, GNOME 43 (Flatpak runtime)
Time: Mon May 29 01:05:19 2023 EDT elapsed time: 0.008258 seconds (0d 0h 0m 0s)

---------------  T H R E A D  ---------------

Current thread (0x00007fa6f00285f0):  JavaThread "Unknown thread" [_thread_in_vm, id=13737, stack(0x00007fa6f6e1d000,0x00007fa6f6f1d000)]

Stack: [0x00007fa6f6e1d000,0x00007fa6f6f1d000],  sp=0x00007fa6f6f1b540,  free space=1017k
Native frames: (J=compiled Java code, j=interpreted, Vv=VM code, C=native code)
V  [libjvm.so+0xede141]
V  [libjvm.so+0xeded0d]
V  [libjvm.so+0x606e43]
V  [libjvm.so+0xf11d0f]
V  [libjvm.so+0xf11eaa]
V  [libjvm.so+0x6fe8d3]
V  [libjvm.so+0x6ed4ac]
V  [libjvm.so+0xe8c9f2]
V  [libjvm.so+0x7f8e07]
V  [libjvm.so+0xe63cb7]
V  [libjvm.so+0x8b5f22]  JNI_CreateJavaVM+0x52
C  [libjli.so+0x4a0f]
C  [libjli.so+0x8cf9]
C  [libc.so.6+0x8f1da]


---------------  P R O C E S S  ---------------

Threads class SMR info:
_java_thread_list=0x00007fa6f8338620, length=0, elements={
}

Java Threads: ( => current thread )

Other Threads:
  0x00007fa6f00600e0 GCTaskThread "GC Thread#0" [stack: 0x00007fa6f47de000,0x00007fa6f48de000] [id=13738]

[error occurred during error reporting (printing all threads), id 0xb, SIGSEGV (0xb) at pc=0x00007fa6f76f9c20]

VM state: not at safepoint (not fully initialized)

VM Mutex/Monitor currently owned by a thread:  ([mutex/lock_event])
[0x00007fa6f0025b30] Heap_lock - owner thread: 0x00007fa6f00285f0

Heap address: 0x00000000cb200000, size: 846 MB, Compressed Oops mode: 32-bit

CDS archive(s) mapped at: [0x0000000000000000-0x0000000000000000-0x0000000000000000), size 0, SharedBaseAddress: 0x0000000800000000, ArchiveRelocationMode: 0.
Narrow klass base: 0x0000000000000000, Narrow klass shift: 0, Narrow klass range: 0x0

GC Precious Log:
<Empty>

Heap:
 garbage-first heap   total 0K, used 0K [0x00000000cb200000, 0x0000000100000000)
  region size 1024K, 0 young (0K), 0 survivors (0K)

[error occurred during error reporting (printing heap information), id 0xb, SIGSEGV (0xb) at pc=0x00007fa6f7cb9ffa]

GC Heap History (0 events):
No events

Dll operation events (1 events):
Event: 0.005 Loaded shared library /app/eclipse/plugins/org.eclipse.justj.openjdk.hotspot.jre.full.linux.x86_64_17.0.6.v20230204-1729/jre/lib/libjava.so

Deoptimization events (0 events):
No events

Classes unloaded (0 events):
No events

Classes redefined (0 events):
No events

Internal exceptions (0 events):
No events

VM Operations (0 events):
No events

Events (1 events):
Event: 0.005 Protecting memory [0x00007fa6f6e1d000,0x00007fa6f6e21000] with protection modes 0


Dynamic libraries:
cb200000-100000000 ---p 00000000 00:00 0 
564014824000-564014825000 r--p 00000000 08:07 427544                     /app/eclipse/plugins/org.eclipse.justj.openjdk.hotspot.jre.full.linux.x86_64_17.0.6.v20230204-1729/jre/bin/java
564014825000-564014826000 r-xp 00001000 08:07 427544                     /app/eclipse/plugins/org.eclipse.justj.openjdk.hotspot.jre.full.linux.x86_64_17.0.6.v20230204-1729/jre/bin/java
564014826000-564014827000 r--p 00002000 08:07 427544                     /app/eclipse/plugins/org.eclipse.justj.openjdk.hotspot.jre.full.linux.x86_64_17.0.6.v20230204-1729/jre/bin/java
564014827000-564014828000 r--p 00002000 08:07 427544                     /app/eclipse/plugins/org.eclipse.justj.openjdk.hotspot.jre.full.linux.x86_64_17.0.6.v20230204-1729/jre/bin/java
564014828000-564014829000 rw-p 00003000 08:07 427544                     /app/eclipse/plugins/org.eclipse.justj.openjdk.hotspot.jre.full.linux.x86_64_17.0.6.v20230204-1729/jre/bin/java
5640150e0000-564015128000 rw-p 00000000 00:00 0                          [heap]
7fa6d0000000-7fa6d0021000 rw-p 00000000 00:00 0 
7fa6d0021000-7fa6d4000000 ---p 00000000 00:00 0 
7fa6d8000000-7fa6d8021000 rw-p 00000000 00:00 0 
7fa6d8021000-7fa6dc000000 ---p 00000000 00:00 0 
7fa6dd800000-7fa6dda70000 rwxp 00000000 00:00 0 
7fa6dda70000-7fa6e4d37000 ---p 00000000 00:00 0 
7fa6e4d37000-7fa6e4fa7000 rwxp 00000000 00:00 0 
7fa6e4fa7000-7fa6e52c8000 ---p 00000000 00:00 0 
7fa6e52c8000-7fa6e5538000 rwxp 00000000 00:00 0 
7fa6e5538000-7fa6ec800000 ---p 00000000 00:00 0 
7fa6ec800000-7fa6efe62000 r--s 00000000 08:07 427966                     /app/eclipse/plugins/org.eclipse.justj.openjdk.hotspot.jre.full.linux.x86_64_17.0.6.v20230204-1729/jre/lib/modules
7fa6f0000000-7fa6f008f000 rw-p 00000000 00:00 0 
7fa6f008f000-7fa6f4000000 ---p 00000000 00:00 0 
7fa6f45d8000-7fa6f45d9000 ---p 00000000 00:00 0 
7fa6f45d9000-7fa6f46da000 rw-p 00000000 00:00 0 
7fa6f46da000-7fa6f46db000 ---p 00000000 00:00 0 
7fa6f46db000-7fa6f47dc000 rw-p 00000000 00:00 0 
7fa6f47dc000-7fa6f47dd000 ---p 00000000 00:00 0 
7fa6f47dd000-7fa6f48de000 rw-p 00000000 00:00 0 
7fa6f48de000-7fa6f6843000 ---p 00000000 00:00 0 
7fa6f6843000-7fa6f6c4c000 rw-p 00000000 00:00 0 
7fa6f6c4c000-7fa6f6d32000 ---p 00000000 00:00 0 
7fa6f6d32000-7fa6f6d37000 rw-p 00000000 00:00 0 
7fa6f6d37000-7fa6f6e1d000 ---p 00000000 00:00 0 
7fa6f6e1d000-7fa6f6e21000 ---p 00000000 00:00 0 
7fa6f6e21000-7fa6f6f1d000 rw-p 00000000 00:00 0 
7fa6f6f1d000-7fa6f6f2b000 r--p 00000000 08:07 405175                     /usr/lib/x86_64-linux-gnu/libm.so.6
7fa6f6f2b000-7fa6f6fa1000 r-xp 0000e000 08:07 405175                     /usr/lib/x86_64-linux-gnu/libm.so.6
7fa6f6fa1000-7fa6f6ffe000 r--p 00084000 08:07 405175                     /usr/lib/x86_64-linux-gnu/libm.so.6
7fa6f6ffe000-7fa6f6fff000 r--p 000e0000 08:07 405175                     /usr/lib/x86_64-linux-gnu/libm.so.6
7fa6f6fff000-7fa6f7000000 rw-p 000e1000 08:07 405175                     /usr/lib/x86_64-linux-gnu/libm.so.6
7fa6f7000000-7fa6f7252000 r--p 00000000 08:07 427417                     /app/eclipse/plugins/org.eclipse.justj.openjdk.hotspot.jre.full.linux.x86_64_17.0.6.v20230204-1729/jre/lib/server/libjvm.so
7fa6f7252000-7fa6f7f6f000 r-xp 00252000 08:07 427417                     /app/eclipse/plugins/org.eclipse.justj.openjdk.hotspot.jre.full.linux.x86_64_17.0.6.v20230204-1729/jre/lib/server/libjvm.so
7fa6f7f6f000-7fa6f81fb000 r--p 00f6f000 08:07 427417                     /app/eclipse/plugins/org.eclipse.justj.openjdk.hotspot.jre.full.linux.x86_64_17.0.6.v20230204-1729/jre/lib/server/libjvm.so
7fa6f81fb000-7fa6f82b4000 r--p 011fa000 08:07 427417                     /app/eclipse/plugins/org.eclipse.justj.openjdk.hotspot.jre.full.linux.x86_64_17.0.6.v20230204-1729/jre/lib/server/libjvm.so
7fa6f82b4000-7fa6f82e9000 rw-p 012b3000 08:07 427417                     /app/eclipse/plugins/org.eclipse.justj.openjdk.hotspot.jre.full.linux.x86_64_17.0.6.v20230204-1729/jre/lib/server/libjvm.so
7fa6f82e9000-7fa6f8343000 rw-p 00000000 00:00 0 
7fa6f8381000-7fa6f83a3000 rw-p 00000000 00:00 0 
7fa6f83a3000-7fa6f83aa000 ---p 00000000 00:00 0 
7fa6f83aa000-7fa6f83b2000 rw-s 00000000 08:07 2235876                    /tmp/hsperfdata_santhiya/13728
7fa6f83b2000-7fa6f83b4000 r--p 00000000 08:07 426959                     /app/eclipse/plugins/org.eclipse.justj.openjdk.hotspot.jre.full.linux.x86_64_17.0.6.v20230204-1729/jre/lib/libinstrument.so
7fa6f83b4000-7fa6f83ba000 r-xp 00002000 08:07 426959                     /app/eclipse/plugins/org.eclipse.justj.openjdk.hotspot.jre.full.linux.x86_64_17.0.6.v20230204-1729/jre/lib/libinstrument.so
7fa6f83ba000-7fa6f83bd000 r--p 00008000 08:07 426959                     /app/eclipse/plugins/org.eclipse.justj.openjdk.hotspot.jre.full.linux.x86_64_17.0.6.v20230204-1729/jre/lib/libinstrument.so
7fa6f83bd000-7fa6f83be000 r--p 0000a000 08:07 426959                     /app/eclipse/plugins/org.eclipse.justj.openjdk.hotspot.jre.full.linux.x86_64_17.0.6.v20230204-1729/jre/lib/libinstrument.so
7fa6f83be000-7fa6f83bf000 rw-p 0000b000 08:07 426959                     /app/eclipse/plugins/org.eclipse.justj.openjdk.hotspot.jre.full.linux.x86_64_17.0.6.v20230204-1729/jre/lib/libinstrument.so
7fa6f83bf000-7fa6f83c2000 r--p 00000000 08:07 427012                     /app/eclipse/plugins/org.eclipse.justj.openjdk.hotspot.jre.full.linux.x86_64_17.0.6.v20230204-1729/jre/lib/libjdwp.so
7fa6f83c2000-7fa6f83ef000 r-xp 00003000 08:07 427012                     /app/eclipse/plugins/org.eclipse.justj.openjdk.hotspot.jre.full.linux.x86_64_17.0.6.v20230204-1729/jre/lib/libjdwp.so
7fa6f83ef000-7fa6f83fd000 r--p 00030000 08:07 427012                     /app/eclipse/plugins/org.eclipse.justj.openjdk.hotspot.jre.full.linux.x86_64_17.0.6.v20230204-1729/jre/lib/libjdwp.so
7fa6f83fd000-7fa6f83fe000 r--p 0003d000 08:07 427012                     /app/eclipse/plugins/org.eclipse.justj.openjdk.hotspot.jre.full.linux.x86_64_17.0.6.v20230204-1729/jre/lib/libjdwp.so
7fa6f83fe000-7fa6f83ff000 rw-p 0003e000 08:07 427012                     /app/eclipse/plugins/org.eclipse.justj.openjdk.hotspot.jre.full.linux.x86_64_17.0.6.v20230204-1729/jre/lib/libjdwp.so
7fa6f83ff000-7fa6f8400000 rw-p 00000000 00:00 0 
7fa6f8400000-7fa6f8428000 r--p 00000000 08:07 425351                     /usr/lib/x86_64-linux-gnu/libc.so.6
7fa6f8428000-7fa6f85a8000 r-xp 00028000 08:07 425351                     /usr/lib/x86_64-linux-gnu/libc.so.6
7fa6f85a8000-7fa6f85fa000 r--p 001a8000 08:07 425351                     /usr/lib/x86_64-linux-gnu/libc.so.6
7fa6f85fa000-7fa6f85fe000 r--p 001f9000 08:07 425351                     /usr/lib/x86_64-linux-gnu/libc.so.6
7fa6f85fe000-7fa6f8600000 rw-p 001fd000 08:07 425351                     /usr/lib/x86_64-linux-gnu/libc.so.6
7fa6f8600000-7fa6f860d000 rw-p 00000000 00:00 0 
7fa6f8612000-7fa6f861f000 r--p 00000000 08:07 427011                     /app/eclipse/plugins/org.eclipse.justj.openjdk.hotspot.jre.full.linux.x86_64_17.0.6.v20230204-1729/jre/lib/libjava.so
7fa6f861f000-7fa6f8631000 r-xp 0000d000 08:07 427011                     /app/eclipse/plugins/org.eclipse.justj.openjdk.hotspot.jre.full.linux.x86_64_17.0.6.v20230204-1729/jre/lib/libjava.so
7fa6f8631000-7fa6f8637000 r--p 0001f000 08:07 427011                     /app/eclipse/plugins/org.eclipse.justj.openjdk.hotspot.jre.full.linux.x86_64_17.0.6.v20230204-1729/jre/lib/libjava.so
7fa6f8637000-7fa6f8638000 ---p 00025000 08:07 427011                     /app/eclipse/plugins/org.eclipse.justj.openjdk.hotspot.jre.full.linux.x86_64_17.0.6.v20230204-1729/jre/lib/libjava.so
7fa6f8638000-7fa6f8639000 r--p 00025000 08:07 427011                     /app/eclipse/plugins/org.eclipse.justj.openjdk.hotspot.jre.full.linux.x86_64_17.0.6.v20230204-1729/jre/lib/libjava.so
7fa6f8639000-7fa6f863a000 rw-p 00026000 08:07 427011                     /app/eclipse/plugins/org.eclipse.justj.openjdk.hotspot.jre.full.linux.x86_64_17.0.6.v20230204-1729/jre/lib/libjava.so
7fa6f863a000-7fa6f863b000 rw-p 00000000 00:00 0 
7fa6f863b000-7fa6f863f000 r--p 00000000 08:07 427431                     /app/eclipse/plugins/org.eclipse.justj.openjdk.hotspot.jre.full.linux.x86_64_17.0.6.v20230204-1729/jre/lib/libjimage.so
7fa6f863f000-7fa6f8652000 r-xp 00004000 08:07 427431                     /app/eclipse/plugins/org.eclipse.justj.openjdk.hotspot.jre.full.linux.x86_64_17.0.6.v20230204-1729/jre/lib/libjimage.so
7fa6f8652000-7fa6f8658000 r--p 00017000 08:07 427431                     /app/eclipse/plugins/org.eclipse.justj.openjdk.hotspot.jre.full.linux.x86_64_17.0.6.v20230204-1729/jre/lib/libjimage.so
7fa6f8658000-7fa6f865a000 r--p 0001c000 08:07 427431                     /app/eclipse/plugins/org.eclipse.justj.openjdk.hotspot.jre.full.linux.x86_64_17.0.6.v20230204-1729/jre/lib/libjimage.so
7fa6f865a000-7fa6f865b000 rw-p 0001e000 08:07 427431                     /app/eclipse/plugins/org.eclipse.justj.openjdk.hotspot.jre.full.linux.x86_64_17.0.6.v20230204-1729/jre/lib/libjimage.so
7fa6f865b000-7fa6f865c000 r--p 00000000 08:07 417275                     /usr/lib/x86_64-linux-gnu/librt.so.1
7fa6f865c000-7fa6f865d000 r-xp 00001000 08:07 417275                     /usr/lib/x86_64-linux-gnu/librt.so.1
7fa6f865d000-7fa6f865e000 r--p 00002000 08:07 417275                     /usr/lib/x86_64-linux-gnu/librt.so.1
7fa6f865e000-7fa6f865f000 r--p 00002000 08:07 417275                     /usr/lib/x86_64-linux-gnu/librt.so.1
7fa6f865f000-7fa6f8660000 rw-p 00003000 08:07 417275                     /usr/lib/x86_64-linux-gnu/librt.so.1
7fa6f8660000-7fa6f8664000 rw-p 00000000 00:00 0 
7fa6f8664000-7fa6f8665000 r--p 00000000 08:07 418045                     /usr/lib/x86_64-linux-gnu/libdl.so.2
7fa6f8665000-7fa6f8666000 r-xp 00001000 08:07 418045                     /usr/lib/x86_64-linux-gnu/libdl.so.2
7fa6f8666000-7fa6f8667000 r--p 00002000 08:07 418045                     /usr/lib/x86_64-linux-gnu/libdl.so.2
7fa6f8667000-7fa6f8668000 r--p 00002000 08:07 418045                     /usr/lib/x86_64-linux-gnu/libdl.so.2
7fa6f8668000-7fa6f8669000 rw-p 00003000 08:07 418045                     /usr/lib/x86_64-linux-gnu/libdl.so.2
7fa6f8669000-7fa6f866a000 r--p 00000000 08:07 404935                     /usr/lib/x86_64-linux-gnu/libpthread.so.0
7fa6f866a000-7fa6f866b000 r-xp 00001000 08:07 404935                     /usr/lib/x86_64-linux-gnu/libpthread.so.0
7fa6f866b000-7fa6f866c000 r--p 00002000 08:07 404935                     /usr/lib/x86_64-linux-gnu/libpthread.so.0
7fa6f866c000-7fa6f866d000 r--p 00002000 08:07 404935                     /usr/lib/x86_64-linux-gnu/libpthread.so.0
7fa6f866d000-7fa6f866e000 rw-p 00003000 08:07 404935                     /usr/lib/x86_64-linux-gnu/libpthread.so.0
7fa6f866e000-7fa6f8671000 r--p 00000000 08:07 426743                     /app/eclipse/plugins/org.eclipse.justj.openjdk.hotspot.jre.full.linux.x86_64_17.0.6.v20230204-1729/jre/lib/libjli.so
7fa6f8671000-7fa6f867b000 r-xp 00003000 08:07 426743                     /app/eclipse/plugins/org.eclipse.justj.openjdk.hotspot.jre.full.linux.x86_64_17.0.6.v20230204-1729/jre/lib/libjli.so
7fa6f867b000-7fa6f867e000 r--p 0000d000 08:07 426743                     /app/eclipse/plugins/org.eclipse.justj.openjdk.hotspot.jre.full.linux.x86_64_17.0.6.v20230204-1729/jre/lib/libjli.so
7fa6f867e000-7fa6f867f000 ---p 00010000 08:07 426743                     /app/eclipse/plugins/org.eclipse.justj.openjdk.hotspot.jre.full.linux.x86_64_17.0.6.v20230204-1729/jre/lib/libjli.so
7fa6f867f000-7fa6f8680000 r--p 00010000 08:07 426743                     /app/eclipse/plugins/org.eclipse.justj.openjdk.hotspot.jre.full.linux.x86_64_17.0.6.v20230204-1729/jre/lib/libjli.so
7fa6f8680000-7fa6f8681000 rw-p 00011000 08:07 426743                     /app/eclipse/plugins/org.eclipse.justj.openjdk.hotspot.jre.full.linux.x86_64_17.0.6.v20230204-1729/jre/lib/libjli.so
7fa6f8681000-7fa6f8684000 r--p 00000000 08:07 425024                     /usr/lib/x86_64-linux-gnu/libz.so.1.2.13
7fa6f8684000-7fa6f8693000 r-xp 00003000 08:07 425024                     /usr/lib/x86_64-linux-gnu/libz.so.1.2.13
7fa6f8693000-7fa6f8699000 r--p 00012000 08:07 425024                     /usr/lib/x86_64-linux-gnu/libz.so.1.2.13
7fa6f8699000-7fa6f869a000 ---p 00018000 08:07 425024                     /usr/lib/x86_64-linux-gnu/libz.so.1.2.13
7fa6f869a000-7fa6f869b000 r--p 00018000 08:07 425024                     /usr/lib/x86_64-linux-gnu/libz.so.1.2.13
7fa6f869b000-7fa6f869c000 rw-p 00019000 08:07 425024                     /usr/lib/x86_64-linux-gnu/libz.so.1.2.13
7fa6f86a1000-7fa6f86a2000 ---p 00000000 00:00 0 
7fa6f86a2000-7fa6f86a3000 r--p 00000000 00:00 0 
7fa6f86a3000-7fa6f86a4000 ---p 00000000 00:00 0 
7fa6f86a4000-7fa6f86a6000 rw-p 00000000 00:00 0 
7fa6f86a6000-7fa6f86a8000 r--p 00000000 08:07 421012                     /usr/lib/x86_64-linux-gnu/ld-linux-x86-64.so.2
7fa6f86a8000-7fa6f86d0000 r-xp 00002000 08:07 421012                     /usr/lib/x86_64-linux-gnu/ld-linux-x86-64.so.2
7fa6f86d0000-7fa6f86db000 r--p 0002a000 08:07 421012                     /usr/lib/x86_64-linux-gnu/ld-linux-x86-64.so.2
7fa6f86db000-7fa6f86dd000 r--p 00034000 08:07 421012                     /usr/lib/x86_64-linux-gnu/ld-linux-x86-64.so.2
7fa6f86dd000-7fa6f86df000 rw-p 00036000 08:07 421012                     /usr/lib/x86_64-linux-gnu/ld-linux-x86-64.so.2
7ffcde59c000-7ffcde5bd000 rw-p 00000000 00:00 0                          [stack]
7ffcde5d4000-7ffcde5d8000 r--p 00000000 00:00 0                          [vvar]
7ffcde5d8000-7ffcde5da000 r-xp 00000000 00:00 0                          [vdso]
ffffffffff600000-ffffffffff601000 --xp 00000000 00:00 0                  [vsyscall]


VM Arguments:
jvm_args: -XX:+ShowCodeDetailsInExceptionMessages -agentlib:jdwp=transport=dt_socket,suspend=y,address=localhost:45435 -javaagent:/home/santhiya/.var/app/org.eclipse.Java/eclipse/configuration/org.eclipse.osgi/225/0/.cp/lib/javaagent-shaded.jar -Dfile.encoding=UTF-8 --module-path=/home/santhiya/eclipse-workspace/execise4/bin -Djdk.module.main=execise4 
java_command: execise4/execise4.Puzzles
java_class_path (initial): <not set>
Launcher Type: SUN_STANDARD

[Global flags]
     intx CICompilerCount                          = 3                                         {product} {ergonomic}
     uint ConcGCThreads                            = 1                                         {product} {ergonomic}
     uint G1ConcRefinementThreads                  = 4                                         {product} {ergonomic}
   size_t G1HeapRegionSize                         = 1048576                                   {product} {ergonomic}
    uintx GCDrainStackTargetSize                   = 64                                        {product} {ergonomic}
   size_t InitialHeapSize                          = 56623104                                  {product} {ergonomic}
   size_t MarkStackSize                            = 4194304                                   {product} {ergonomic}
   size_t MaxHeapSize                              = 887095296                                 {product} {ergonomic}
   size_t MinHeapDeltaBytes                        = 1048576                                   {product} {ergonomic}
   size_t MinHeapSize                              = 8388608                                   {product} {ergonomic}
    uintx NonNMethodCodeHeapSize                   = 5832780                                {pd product} {ergonomic}
    uintx NonProfiledCodeHeapSize                  = 122912730                              {pd product} {ergonomic}
    uintx ProfiledCodeHeapSize                     = 122912730                              {pd product} {ergonomic}
    uintx ReservedCodeCacheSize                    = 251658240                              {pd product} {ergonomic}
     bool SegmentedCodeCache                       = true                                      {product} {ergonomic}
     bool ShowCodeDetailsInExceptionMessages       = true                                   {manageable} {command line}
   size_t SoftMaxHeapSize                          = 887095296                              {manageable} {ergonomic}
     bool UseCompressedClassPointers               = true                           {product lp64_product} {ergonomic}
     bool UseCompressedOops                        = true                           {product lp64_product} {ergonomic}
     bool UseG1GC                                  = true                                      {product} {ergonomic}

Logging:
Log output configuration:
 #0: stdout all=warning uptime,level,tags
 #1: stderr all=off uptime,level,tags

Environment Variables:
PATH=/app/bin:/usr/bin
LD_LIBRARY_PATH=
SHELL=/bin/sh
DISPLAY=:99.0
LANG=en_US.UTF-8

Signal Handlers:
   SIGSEGV: 0x00007fa6f7eded30 in libjvm.so+15592752, mask=11100100010111111101111111111110, flags=SA_RESTART|SA_SIGINFO
    SIGBUS: 0x00007fa6f7eded30 in libjvm.so+15592752, mask=11100100010111111101111111111110, flags=SA_RESTART|SA_SIGINFO
    SIGFPE: 0x00007fa6f7eded30 in libjvm.so+15592752, mask=11100100010111111101111111111110, flags=SA_RESTART|SA_SIGINFO
   SIGPIPE: 0x00007fa6f7d848a0 in libjvm.so+14174368, mask=11100100010111111101111111111110, flags=SA_RESTART|SA_SIGINFO
   SIGXFSZ: 0x00007fa6f7d848a0 in libjvm.so+14174368, mask=11100100010111111101111111111110, flags=SA_RESTART|SA_SIGINFO
    SIGILL: 0x00007fa6f7eded30 in libjvm.so+15592752, mask=11100100010111111101111111111110, flags=SA_RESTART|SA_SIGINFO
   SIGUSR2: 0x00007fa6f7d83f40 in libjvm.so+14171968, mask=00100000000000000000000000000000, flags=SA_RESTART|SA_SIGINFO
    SIGHUP: SIG_DFL, mask=00000000000000000000000000000000, flags=none
    SIGINT: SIG_DFL, mask=00000000000000000000000000000000, flags=none
   SIGTERM: SIG_DFL, mask=00000000000000000000000000000000, flags=none
   SIGQUIT: 0x00007fa6f7d83e70 in libjvm.so+14171760, mask=11100100010111111101111111111110, flags=SA_RESTART|SA_SIGINFO
   SIGTRAP: 0x00007fa6f7eded30 in libjvm.so+15592752, mask=11100100010111111101111111111110, flags=SA_RESTART|SA_SIGINFO


---------------  S Y S T E M  ---------------

OS:
NAME=GNOME
VERSION="43 (Flatpak runtime)"
VERSION_ID=43
ID=org.gnome.Platform
PRETTY_NAME="GNOME 43 (Flatpak runtime)"
BUG_REPORT_URL="https://gitlab.gnome.org/GNOME/gnome-build-meta/-/issues/new"
HOME_URL="https://www.gnome.org/"
uname: Linux 5.19.0-42-generic #43~22.04.1-Ubuntu SMP PREEMPT_DYNAMIC Fri Apr 21 16:51:08 UTC 2 x86_64
OS uptime: 0 days 1:29 hours
libc: glibc 2.35 NPTL 2.35 
rlimit (soft/hard): STACK 8192k/infinity , CORE 0k/infinity , NPROC 12976/12976 , NOFILE 1048576/1048576 , AS infinity/infinity , CPU infinity/infinity , DATA infinity/infinity , FSIZE infinity/infinity , MEMLOCK 433128k/433128k
load average: 17.62 14.28 6.83

/proc/meminfo:
MemTotal:        3465040 kB
MemFree:          120280 kB
MemAvailable:      94204 kB
Buffers:            4772 kB
Cached:           140896 kB
SwapCached:       164744 kB
Active:           349212 kB
Inactive:        2550464 kB
Active(anon):     252432 kB
Inactive(anon):  2518272 kB
Active(file):      96780 kB
Inactive(file):    32192 kB
Unevictable:          64 kB
Mlocked:              64 kB
SwapTotal:       2097148 kB
SwapFree:         842828 kB
Zswap:                 0 kB
Zswapped:              0 kB
Dirty:              1272 kB
Writeback:            96 kB
AnonPages:       2686912 kB
Mapped:           100488 kB
Shmem:             16624 kB
KReclaimable:      50872 kB
Slab:             170096 kB
SReclaimable:      50872 kB
SUnreclaim:       119224 kB
KernelStack:       69152 kB
PageTables:        59956 kB
NFS_Unstable:          0 kB
Bounce:                0 kB
WritebackTmp:          0 kB
CommitLimit:     3829668 kB
Committed_AS:   23267748 kB
VmallocTotal:   34359738367 kB
VmallocUsed:      118704 kB
VmallocChunk:          0 kB
Percpu:             3056 kB
HardwareCorrupted:     0 kB
AnonHugePages:         0 kB
ShmemHugePages:        0 kB
ShmemPmdMapped:        0 kB
FileHugePages:         0 kB
FilePmdMapped:         0 kB
HugePages_Total:       0
HugePages_Free:        0
HugePages_Rsvd:        0
HugePages_Surp:        0
Hugepagesize:       2048 kB
Hugetlb:               0 kB
DirectMap4k:      238336 kB
DirectMap2M:     3395584 kB
DirectMap1G:           0 kB

/sys/kernel/mm/transparent_hugepage/enabled: <Not Available>
/sys/kernel/mm/transparent_hugepage/defrag (defrag/compaction efforts parameter): <Not Available>

Process Memory:
Virtual Size: 1431124K (peak: 1495628K)
Resident Set Size: 15308K (peak: 15308K) (anon: 2076K, file: 13232K, shmem: 0K)
Swapped out: 0K
C-Heap outstanding allocations: 4846K, retained: 409K
glibc malloc tunables: (default)

/proc/sys/kernel/threads-max (system-wide limit on the number of threads): 25953
/proc/sys/vm/max_map_count (maximum number of memory map areas a process may have): 65530
/proc/sys/kernel/pid_max (system-wide limit on number of process identifiers): 4194304

container information not found.
Steal ticks since vm start: 0
Steal ticks percentage since vm start:  0.000

CPU: total 4 (initial active 4) (4 cores per cpu, 1 threads per core) family 22 model 48 stepping 1 microcode 0x7030105, cx8, cmov, fxsr, mmx, 3dnowpref, sse, sse2, sse3, ssse3, sse4a, sse4.1, sse4.2, popcnt, lzcnt, tsc, tscinvbit, avx, aes, clmul, bmi1, vzeroupper, clflush
CPU Model and flags from /proc/cpuinfo:
model name	: AMD PRO A4-3350B APU with Radeon R4 Graphics
flags		: fpu vme de pse tsc msr pae mce cx8 apic sep mtrr pge mca cmov pat pse36 clflush mmx fxsr sse sse2 ht syscall nx mmxext fxsr_opt pdpe1gb rdtscp lm constant_tsc rep_good acc_power nopl nonstop_tsc cpuid extd_apicid aperfmperf pni pclmulqdq monitor ssse3 cx16 sse4_1 sse4_2 movbe popcnt aes xsave avx f16c lahf_lm cmp_legacy svm extapic cr8_legacy abm sse4a misalignsse 3dnowprefetch osvw ibs skinit wdt topoext perfctr_nb bpext ptsc perfctr_llc cpb hw_pstate ssbd vmmcall bmi1 xsaveopt arat npt lbrv svm_lock nrip_save tsc_scale flushbyasid decodeassists pausefilter pfthreshold overflow_recov

Online cpus: 0-3
Offline cpus: 
BIOS frequency limitation: 2000000
Frequency switch latency (ns): 4000
Available cpu frequencies: 2000000 1800000 1600000 1400000 1200000 1000000 
Current governor: schedutil
Core performance/turbo boost: 1

Memory: 4k page, physical 3465040k(120280k free), swap 2097148k(842828k free)
Page Sizes: 4k

vm_info: OpenJDK 64-Bit Server VM (17.0.6+10) for linux-amd64 JRE (17.0.6+10), built on Jan 17 2023 00:00:00 by "temurin" with gcc 10.3.0

END.
