#
# There is insufficient memory for the Java Runtime Environment to continue.
# Cannot create worker GC thread. Out of system resources.
# Possible reasons:
#   The system is out of physical RAM or swap space
#   The process is running with CompressedOops enabled, and the Java Heap may be blocking the growth of the native heap
# Possible solutions:
#   Reduce memory load on the system
#   Increase physical memory or swap space
#   Check if swap backing store is full
#   Decrease Java heap size (-Xmx/-Xms)
#   Decrease number of Java threads
#   Decrease Java thread stack sizes (-Xss)
#   Set larger code cache with -XX:ReservedCodeCacheSize=
#   JVM is running with Unscaled Compressed Oops mode in which the Java heap is
#     placed in the first 4GB address space. The Java Heap base address is the
#     maximum limit for the native heap growth. Please use -XX:HeapBaseMinAddress
#     to set the Java Heap base and to place the Java Heap above 4GB virtual address.
# This output file may be truncated or incomplete.
#
#  Out of Memory Error (workerManager.hpp:87), pid=11971, tid=11973
#
# JRE version:  (17.0.6+10) (build )
# Java VM: OpenJDK 64-Bit Server VM (17.0.6+10, mixed mode, sharing, tiered, compressed oops, compressed class ptrs, g1 gc, linux-amd64)
# Core dump will be written. Default location: Core dumps may be processed with "/lib/systemd/systemd-coredump %P %u %g %s %t 9223372036854775808 %h" (or dumping to /home/santhiya/eclipse-workspace/execise4/core.11971)
#

---------------  S U M M A R Y ------------

Command Line: -XX:+ShowCodeDetailsInExceptionMessages -agentlib:jdwp=transport=dt_socket,suspend=y,address=localhost:40633 -javaagent:/home/santhiya/.var/app/org.eclipse.Java/eclipse/configuration/org.eclipse.osgi/225/0/.cp/lib/javaagent-shaded.jar -Dfile.encoding=UTF-8 --module-path=/home/santhiya/eclipse-workspace/execise4/bin -Djdk.module.main=execise4 execise4/execise4.Puzzles

Host: AMD PRO A4-3350B APU with Radeon R4 Graphics, 4 cores, 3G, GNOME 43 (Flatpak runtime)
Time: Mon May 29 01:04:36 2023 EDT elapsed time: 0.044231 seconds (0d 0h 0m 0s)

---------------  T H R E A D  ---------------

Current thread (0x00007f10440285f0):  JavaThread "Unknown thread" [_thread_in_vm, id=11973, stack(0x00007f104a500000,0x00007f104a600000)]

Stack: [0x00007f104a500000,0x00007f104a600000],  sp=0x00007f104a5fe540,  free space=1017k
Native frames: (J=compiled Java code, j=interpreted, Vv=VM code, C=native code)
V  [libjvm.so+0xede141]
V  [libjvm.so+0xeded0d]
V  [libjvm.so+0x606e43]
V  [libjvm.so+0xf11d0f]
V  [libjvm.so+0xf11eaa]
V  [libjvm.so+0x6fe8d3]
V  [libjvm.so+0x6ed4ac]
V  [libjvm.so+0xe8c9f2]
V  [libjvm.so+0x7f8e07]
V  [libjvm.so+0xe63cb7]
V  [libjvm.so+0x8b5f22]  JNI_CreateJavaVM+0x52
C  [libjli.so+0x4a0f]
C  [libjli.so+0x8cf9]
C  [libc.so.6+0x8f1da]


---------------  P R O C E S S  ---------------

Threads class SMR info:
_java_thread_list=0x00007f104b938620, length=0, elements={
}

Java Threads: ( => current thread )

Other Threads:
  0x00007f10440600e0 GCTaskThread "GC Thread#0" [stack: 0x00007f1048bf9000,0x00007f1048cf9000] [id=11975]

[error occurred during error reporting (printing all threads), id 0xb, SIGSEGV (0xb) at pc=0x00007f104acf9c20]

VM state: not at safepoint (not fully initialized)

VM Mutex/Monitor currently owned by a thread:  ([mutex/lock_event])
[0x00007f1044025b30] Heap_lock - owner thread: 0x00007f10440285f0

Heap address: 0x00000000cb200000, size: 846 MB, Compressed Oops mode: 32-bit

CDS archive(s) mapped at: [0x0000000000000000-0x0000000000000000-0x0000000000000000), size 0, SharedBaseAddress: 0x0000000800000000, ArchiveRelocationMode: 0.
Narrow klass base: 0x0000000000000000, Narrow klass shift: 0, Narrow klass range: 0x0

GC Precious Log:
<Empty>

Heap:
 garbage-first heap   total 0K, used 0K [0x00000000cb200000, 0x0000000100000000)
  region size 1024K, 0 young (0K), 0 survivors (0K)

[error occurred during error reporting (printing heap information), id 0xb, SIGSEGV (0xb) at pc=0x00007f104b2b9ffa]

GC Heap History (0 events):
No events

Dll operation events (1 events):
Event: 0.013 Loaded shared library /app/eclipse/plugins/org.eclipse.justj.openjdk.hotspot.jre.full.linux.x86_64_17.0.6.v20230204-1729/jre/lib/libjava.so

Deoptimization events (0 events):
No events

Classes unloaded (0 events):
No events

Classes redefined (0 events):
No events

Internal exceptions (0 events):
No events

VM Operations (0 events):
No events

Events (1 events):
Event: 0.013 Protecting memory [0x00007f104a500000,0x00007f104a504000] with protection modes 0


Dynamic libraries:
cb200000-100000000 ---p 00000000 00:00 0 
5562aee5f000-5562aee60000 r--p 00000000 08:07 427544                     /app/eclipse/plugins/org.eclipse.justj.openjdk.hotspot.jre.full.linux.x86_64_17.0.6.v20230204-1729/jre/bin/java
5562aee60000-5562aee61000 r-xp 00001000 08:07 427544                     /app/eclipse/plugins/org.eclipse.justj.openjdk.hotspot.jre.full.linux.x86_64_17.0.6.v20230204-1729/jre/bin/java
5562aee61000-5562aee62000 r--p 00002000 08:07 427544                     /app/eclipse/plugins/org.eclipse.justj.openjdk.hotspot.jre.full.linux.x86_64_17.0.6.v20230204-1729/jre/bin/java
5562aee62000-5562aee63000 r--p 00002000 08:07 427544                     /app/eclipse/plugins/org.eclipse.justj.openjdk.hotspot.jre.full.linux.x86_64_17.0.6.v20230204-1729/jre/bin/java
5562aee63000-5562aee64000 rw-p 00003000 08:07 427544                     /app/eclipse/plugins/org.eclipse.justj.openjdk.hotspot.jre.full.linux.x86_64_17.0.6.v20230204-1729/jre/bin/java
5562aeeb2000-5562aeefa000 rw-p 00000000 00:00 0                          [heap]
7f102c000000-7f102c021000 rw-p 00000000 00:00 0 
7f102c021000-7f1030000000 ---p 00000000 00:00 0 
7f1030ac8000-7f1031800000 ---p 00000000 00:00 0 
7f1031800000-7f1031a70000 rwxp 00000000 00:00 0 
7f1031a70000-7f1038d37000 ---p 00000000 00:00 0 
7f1038d37000-7f1038fa7000 rwxp 00000000 00:00 0 
7f1038fa7000-7f10392c8000 ---p 00000000 00:00 0 
7f10392c8000-7f1039538000 rwxp 00000000 00:00 0 
7f1039538000-7f1040800000 ---p 00000000 00:00 0 
7f1040800000-7f1043e62000 r--s 00000000 08:07 427966                     /app/eclipse/plugins/org.eclipse.justj.openjdk.hotspot.jre.full.linux.x86_64_17.0.6.v20230204-1729/jre/lib/modules
7f1044000000-7f104408f000 rw-p 00000000 00:00 0 
7f104408f000-7f1048000000 ---p 00000000 00:00 0 
7f1048af5000-7f1048af6000 ---p 00000000 00:00 0 
7f1048af6000-7f1048bf7000 rw-p 00000000 00:00 0 
7f1048bf7000-7f1048bf8000 ---p 00000000 00:00 0 
7f1048bf8000-7f1048cf9000 rw-p 00000000 00:00 0 
7f1048cf9000-7f1049f26000 ---p 00000000 00:00 0 
7f1049f26000-7f104a32f000 rw-p 00000000 00:00 0 
7f104a32f000-7f104a415000 ---p 00000000 00:00 0 
7f104a415000-7f104a41a000 rw-p 00000000 00:00 0 
7f104a41a000-7f104a500000 ---p 00000000 00:00 0 
7f104a500000-7f104a504000 ---p 00000000 00:00 0 
7f104a504000-7f104a600000 rw-p 00000000 00:00 0 
7f104a600000-7f104a852000 r--p 00000000 08:07 427417                     /app/eclipse/plugins/org.eclipse.justj.openjdk.hotspot.jre.full.linux.x86_64_17.0.6.v20230204-1729/jre/lib/server/libjvm.so
7f104a852000-7f104b56f000 r-xp 00252000 08:07 427417                     /app/eclipse/plugins/org.eclipse.justj.openjdk.hotspot.jre.full.linux.x86_64_17.0.6.v20230204-1729/jre/lib/server/libjvm.so
7f104b56f000-7f104b7fb000 r--p 00f6f000 08:07 427417                     /app/eclipse/plugins/org.eclipse.justj.openjdk.hotspot.jre.full.linux.x86_64_17.0.6.v20230204-1729/jre/lib/server/libjvm.so
7f104b7fb000-7f104b8b4000 r--p 011fa000 08:07 427417                     /app/eclipse/plugins/org.eclipse.justj.openjdk.hotspot.jre.full.linux.x86_64_17.0.6.v20230204-1729/jre/lib/server/libjvm.so
7f104b8b4000-7f104b8e9000 rw-p 012b3000 08:07 427417                     /app/eclipse/plugins/org.eclipse.justj.openjdk.hotspot.jre.full.linux.x86_64_17.0.6.v20230204-1729/jre/lib/server/libjvm.so
7f104b8e9000-7f104b943000 rw-p 00000000 00:00 0 
7f104b989000-7f104b9ab000 rw-p 00000000 00:00 0 
7f104b9ab000-7f104b9b2000 ---p 00000000 00:00 0 
7f104b9b2000-7f104b9b4000 r--p 00000000 08:07 426959                     /app/eclipse/plugins/org.eclipse.justj.openjdk.hotspot.jre.full.linux.x86_64_17.0.6.v20230204-1729/jre/lib/libinstrument.so
7f104b9b4000-7f104b9ba000 r-xp 00002000 08:07 426959                     /app/eclipse/plugins/org.eclipse.justj.openjdk.hotspot.jre.full.linux.x86_64_17.0.6.v20230204-1729/jre/lib/libinstrument.so
7f104b9ba000-7f104b9bd000 r--p 00008000 08:07 426959                     /app/eclipse/plugins/org.eclipse.justj.openjdk.hotspot.jre.full.linux.x86_64_17.0.6.v20230204-1729/jre/lib/libinstrument.so
7f104b9bd000-7f104b9be000 r--p 0000a000 08:07 426959                     /app/eclipse/plugins/org.eclipse.justj.openjdk.hotspot.jre.full.linux.x86_64_17.0.6.v20230204-1729/jre/lib/libinstrument.so
7f104b9be000-7f104b9bf000 rw-p 0000b000 08:07 426959                     /app/eclipse/plugins/org.eclipse.justj.openjdk.hotspot.jre.full.linux.x86_64_17.0.6.v20230204-1729/jre/lib/libinstrument.so
7f104b9bf000-7f104b9c2000 r--p 00000000 08:07 427012                     /app/eclipse/plugins/org.eclipse.justj.openjdk.hotspot.jre.full.linux.x86_64_17.0.6.v20230204-1729/jre/lib/libjdwp.so
7f104b9c2000-7f104b9ef000 r-xp 00003000 08:07 427012                     /app/eclipse/plugins/org.eclipse.justj.openjdk.hotspot.jre.full.linux.x86_64_17.0.6.v20230204-1729/jre/lib/libjdwp.so
7f104b9ef000-7f104b9fd000 r--p 00030000 08:07 427012                     /app/eclipse/plugins/org.eclipse.justj.openjdk.hotspot.jre.full.linux.x86_64_17.0.6.v20230204-1729/jre/lib/libjdwp.so
7f104b9fd000-7f104b9fe000 r--p 0003d000 08:07 427012                     /app/eclipse/plugins/org.eclipse.justj.openjdk.hotspot.jre.full.linux.x86_64_17.0.6.v20230204-1729/jre/lib/libjdwp.so
7f104b9fe000-7f104b9ff000 rw-p 0003e000 08:07 427012                     /app/eclipse/plugins/org.eclipse.justj.openjdk.hotspot.jre.full.linux.x86_64_17.0.6.v20230204-1729/jre/lib/libjdwp.so
7f104b9ff000-7f104ba00000 rw-p 00000000 00:00 0 
7f104ba00000-7f104ba28000 r--p 00000000 08:07 425351                     /usr/lib/x86_64-linux-gnu/libc.so.6
7f104ba28000-7f104bba8000 r-xp 00028000 08:07 425351                     /usr/lib/x86_64-linux-gnu/libc.so.6
7f104bba8000-7f104bbfa000 r--p 001a8000 08:07 425351                     /usr/lib/x86_64-linux-gnu/libc.so.6
7f104bbfa000-7f104bbfe000 r--p 001f9000 08:07 425351                     /usr/lib/x86_64-linux-gnu/libc.so.6
7f104bbfe000-7f104bc00000 rw-p 001fd000 08:07 425351                     /usr/lib/x86_64-linux-gnu/libc.so.6
7f104bc00000-7f104bc0d000 rw-p 00000000 00:00 0 
7f104bc0e000-7f104bc16000 rw-s 00000000 08:07 2272337                    /tmp/hsperfdata_santhiya/11971 (deleted)
7f104bc16000-7f104bc23000 r--p 00000000 08:07 427011                     /app/eclipse/plugins/org.eclipse.justj.openjdk.hotspot.jre.full.linux.x86_64_17.0.6.v20230204-1729/jre/lib/libjava.so
7f104bc23000-7f104bc35000 r-xp 0000d000 08:07 427011                     /app/eclipse/plugins/org.eclipse.justj.openjdk.hotspot.jre.full.linux.x86_64_17.0.6.v20230204-1729/jre/lib/libjava.so
7f104bc35000-7f104bc3b000 r--p 0001f000 08:07 427011                     /app/eclipse/plugins/org.eclipse.justj.openjdk.hotspot.jre.full.linux.x86_64_17.0.6.v20230204-1729/jre/lib/libjava.so
7f104bc3b000-7f104bc3c000 ---p 00025000 08:07 427011                     /app/eclipse/plugins/org.eclipse.justj.openjdk.hotspot.jre.full.linux.x86_64_17.0.6.v20230204-1729/jre/lib/libjava.so
7f104bc3c000-7f104bc3d000 r--p 00025000 08:07 427011                     /app/eclipse/plugins/org.eclipse.justj.openjdk.hotspot.jre.full.linux.x86_64_17.0.6.v20230204-1729/jre/lib/libjava.so
7f104bc3d000-7f104bc3e000 rw-p 00026000 08:07 427011                     /app/eclipse/plugins/org.eclipse.justj.openjdk.hotspot.jre.full.linux.x86_64_17.0.6.v20230204-1729/jre/lib/libjava.so
7f104bc3e000-7f104bc3f000 rw-p 00000000 00:00 0 
7f104bc3f000-7f104bc43000 r--p 00000000 08:07 427431                     /app/eclipse/plugins/org.eclipse.justj.openjdk.hotspot.jre.full.linux.x86_64_17.0.6.v20230204-1729/jre/lib/libjimage.so
7f104bc43000-7f104bc56000 r-xp 00004000 08:07 427431                     /app/eclipse/plugins/org.eclipse.justj.openjdk.hotspot.jre.full.linux.x86_64_17.0.6.v20230204-1729/jre/lib/libjimage.so
7f104bc56000-7f104bc5c000 r--p 00017000 08:07 427431                     /app/eclipse/plugins/org.eclipse.justj.openjdk.hotspot.jre.full.linux.x86_64_17.0.6.v20230204-1729/jre/lib/libjimage.so
7f104bc5c000-7f104bc5e000 r--p 0001c000 08:07 427431                     /app/eclipse/plugins/org.eclipse.justj.openjdk.hotspot.jre.full.linux.x86_64_17.0.6.v20230204-1729/jre/lib/libjimage.so
7f104bc5e000-7f104bc5f000 rw-p 0001e000 08:07 427431                     /app/eclipse/plugins/org.eclipse.justj.openjdk.hotspot.jre.full.linux.x86_64_17.0.6.v20230204-1729/jre/lib/libjimage.so
7f104bc5f000-7f104bc6d000 r--p 00000000 08:07 405175                     /usr/lib/x86_64-linux-gnu/libm.so.6
7f104bc6d000-7f104bce3000 r-xp 0000e000 08:07 405175                     /usr/lib/x86_64-linux-gnu/libm.so.6
7f104bce3000-7f104bd40000 r--p 00084000 08:07 405175                     /usr/lib/x86_64-linux-gnu/libm.so.6
7f104bd40000-7f104bd41000 r--p 000e0000 08:07 405175                     /usr/lib/x86_64-linux-gnu/libm.so.6
7f104bd41000-7f104bd42000 rw-p 000e1000 08:07 405175                     /usr/lib/x86_64-linux-gnu/libm.so.6
7f104bd42000-7f104bd43000 r--p 00000000 08:07 417275                     /usr/lib/x86_64-linux-gnu/librt.so.1
7f104bd43000-7f104bd44000 r-xp 00001000 08:07 417275                     /usr/lib/x86_64-linux-gnu/librt.so.1
7f104bd44000-7f104bd45000 r--p 00002000 08:07 417275                     /usr/lib/x86_64-linux-gnu/librt.so.1
7f104bd45000-7f104bd46000 r--p 00002000 08:07 417275                     /usr/lib/x86_64-linux-gnu/librt.so.1
7f104bd46000-7f104bd47000 rw-p 00003000 08:07 417275                     /usr/lib/x86_64-linux-gnu/librt.so.1
7f104bd47000-7f104bd4b000 rw-p 00000000 00:00 0 
7f104bd4b000-7f104bd4c000 r--p 00000000 08:07 418045                     /usr/lib/x86_64-linux-gnu/libdl.so.2
7f104bd4c000-7f104bd4d000 r-xp 00001000 08:07 418045                     /usr/lib/x86_64-linux-gnu/libdl.so.2
7f104bd4d000-7f104bd4e000 r--p 00002000 08:07 418045                     /usr/lib/x86_64-linux-gnu/libdl.so.2
7f104bd4e000-7f104bd4f000 r--p 00002000 08:07 418045                     /usr/lib/x86_64-linux-gnu/libdl.so.2
7f104bd4f000-7f104bd50000 rw-p 00003000 08:07 418045                     /usr/lib/x86_64-linux-gnu/libdl.so.2
7f104bd50000-7f104bd51000 r--p 00000000 08:07 404935                     /usr/lib/x86_64-linux-gnu/libpthread.so.0
7f104bd51000-7f104bd52000 r-xp 00001000 08:07 404935                     /usr/lib/x86_64-linux-gnu/libpthread.so.0
7f104bd52000-7f104bd53000 r--p 00002000 08:07 404935                     /usr/lib/x86_64-linux-gnu/libpthread.so.0
7f104bd53000-7f104bd54000 r--p 00002000 08:07 404935                     /usr/lib/x86_64-linux-gnu/libpthread.so.0
7f104bd54000-7f104bd55000 rw-p 00003000 08:07 404935                     /usr/lib/x86_64-linux-gnu/libpthread.so.0
7f104bd55000-7f104bd58000 r--p 00000000 08:07 426743                     /app/eclipse/plugins/org.eclipse.justj.openjdk.hotspot.jre.full.linux.x86_64_17.0.6.v20230204-1729/jre/lib/libjli.so
7f104bd58000-7f104bd62000 r-xp 00003000 08:07 426743                     /app/eclipse/plugins/org.eclipse.justj.openjdk.hotspot.jre.full.linux.x86_64_17.0.6.v20230204-1729/jre/lib/libjli.so
7f104bd62000-7f104bd65000 r--p 0000d000 08:07 426743                     /app/eclipse/plugins/org.eclipse.justj.openjdk.hotspot.jre.full.linux.x86_64_17.0.6.v20230204-1729/jre/lib/libjli.so
7f104bd65000-7f104bd66000 ---p 00010000 08:07 426743                     /app/eclipse/plugins/org.eclipse.justj.openjdk.hotspot.jre.full.linux.x86_64_17.0.6.v20230204-1729/jre/lib/libjli.so
7f104bd66000-7f104bd67000 r--p 00010000 08:07 426743                     /app/eclipse/plugins/org.eclipse.justj.openjdk.hotspot.jre.full.linux.x86_64_17.0.6.v20230204-1729/jre/lib/libjli.so
7f104bd67000-7f104bd68000 rw-p 00011000 08:07 426743                     /app/eclipse/plugins/org.eclipse.justj.openjdk.hotspot.jre.full.linux.x86_64_17.0.6.v20230204-1729/jre/lib/libjli.so
7f104bd68000-7f104bd6b000 r--p 00000000 08:07 425024                     /usr/lib/x86_64-linux-gnu/libz.so.1.2.13
7f104bd6b000-7f104bd7a000 r-xp 00003000 08:07 425024                     /usr/lib/x86_64-linux-gnu/libz.so.1.2.13
7f104bd7a000-7f104bd80000 r--p 00012000 08:07 425024                     /usr/lib/x86_64-linux-gnu/libz.so.1.2.13
7f104bd80000-7f104bd81000 ---p 00018000 08:07 425024                     /usr/lib/x86_64-linux-gnu/libz.so.1.2.13
7f104bd81000-7f104bd82000 r--p 00018000 08:07 425024                     /usr/lib/x86_64-linux-gnu/libz.so.1.2.13
7f104bd82000-7f104bd83000 rw-p 00019000 08:07 425024                     /usr/lib/x86_64-linux-gnu/libz.so.1.2.13
7f104bd88000-7f104bd89000 ---p 00000000 00:00 0 
7f104bd89000-7f104bd8a000 r--p 00000000 00:00 0 
7f104bd8a000-7f104bd8b000 ---p 00000000 00:00 0 
7f104bd8b000-7f104bd8d000 rw-p 00000000 00:00 0 
7f104bd8d000-7f104bd8f000 r--p 00000000 08:07 421012                     /usr/lib/x86_64-linux-gnu/ld-linux-x86-64.so.2
7f104bd8f000-7f104bdb7000 r-xp 00002000 08:07 421012                     /usr/lib/x86_64-linux-gnu/ld-linux-x86-64.so.2
7f104bdb7000-7f104bdc2000 r--p 0002a000 08:07 421012                     /usr/lib/x86_64-linux-gnu/ld-linux-x86-64.so.2
7f104bdc2000-7f104bdc4000 r--p 00034000 08:07 421012                     /usr/lib/x86_64-linux-gnu/ld-linux-x86-64.so.2
7f104bdc4000-7f104bdc6000 rw-p 00036000 08:07 421012                     /usr/lib/x86_64-linux-gnu/ld-linux-x86-64.so.2
7ffcc7c62000-7ffcc7c83000 rw-p 00000000 00:00 0                          [stack]
7ffcc7db6000-7ffcc7dba000 r--p 00000000 00:00 0                          [vvar]
7ffcc7dba000-7ffcc7dbc000 r-xp 00000000 00:00 0                          [vdso]
ffffffffff600000-ffffffffff601000 --xp 00000000 00:00 0                  [vsyscall]


VM Arguments:
jvm_args: -XX:+ShowCodeDetailsInExceptionMessages -agentlib:jdwp=transport=dt_socket,suspend=y,address=localhost:40633 -javaagent:/home/santhiya/.var/app/org.eclipse.Java/eclipse/configuration/org.eclipse.osgi/225/0/.cp/lib/javaagent-shaded.jar -Dfile.encoding=UTF-8 --module-path=/home/santhiya/eclipse-workspace/execise4/bin -Djdk.module.main=execise4 
java_command: execise4/execise4.Puzzles
java_class_path (initial): <not set>
Launcher Type: SUN_STANDARD

[Global flags]
     intx CICompilerCount                          = 3                                         {product} {ergonomic}
     uint ConcGCThreads                            = 1                                         {product} {ergonomic}
     uint G1ConcRefinementThreads                  = 4                                         {product} {ergonomic}
   size_t G1HeapRegionSize                         = 1048576                                   {product} {ergonomic}
    uintx GCDrainStackTargetSize                   = 64                                        {product} {ergonomic}
   size_t InitialHeapSize                          = 56623104                                  {product} {ergonomic}
   size_t MarkStackSize                            = 4194304                                   {product} {ergonomic}
   size_t MaxHeapSize                              = 887095296                                 {product} {ergonomic}
   size_t MinHeapDeltaBytes                        = 1048576                                   {product} {ergonomic}
   size_t MinHeapSize                              = 8388608                                   {product} {ergonomic}
    uintx NonNMethodCodeHeapSize                   = 5832780                                {pd product} {ergonomic}
    uintx NonProfiledCodeHeapSize                  = 122912730                              {pd product} {ergonomic}
    uintx ProfiledCodeHeapSize                     = 122912730                              {pd product} {ergonomic}
    uintx ReservedCodeCacheSize                    = 251658240                              {pd product} {ergonomic}
     bool SegmentedCodeCache                       = true                                      {product} {ergonomic}
     bool ShowCodeDetailsInExceptionMessages       = true                                   {manageable} {command line}
   size_t SoftMaxHeapSize                          = 887095296                              {manageable} {ergonomic}
     bool UseCompressedClassPointers               = true                           {product lp64_product} {ergonomic}
     bool UseCompressedOops                        = true                           {product lp64_product} {ergonomic}
     bool UseG1GC                                  = true                                      {product} {ergonomic}

Logging:
Log output configuration:
 #0: stdout all=warning uptime,level,tags
 #1: stderr all=off uptime,level,tags

Environment Variables:
PATH=/app/bin:/usr/bin
LD_LIBRARY_PATH=
SHELL=/bin/sh
DISPLAY=:99.0
LANG=en_US.UTF-8

Signal Handlers:
   SIGSEGV: 0x00007f104b4ded30 in libjvm.so+15592752, mask=11100100010111111101111111111110, flags=SA_RESTART|SA_SIGINFO
    SIGBUS: 0x00007f104b4ded30 in libjvm.so+15592752, mask=11100100010111111101111111111110, flags=SA_RESTART|SA_SIGINFO
    SIGFPE: 0x00007f104b4ded30 in libjvm.so+15592752, mask=11100100010111111101111111111110, flags=SA_RESTART|SA_SIGINFO
   SIGPIPE: 0x00007f104b3848a0 in libjvm.so+14174368, mask=11100100010111111101111111111110, flags=SA_RESTART|SA_SIGINFO
   SIGXFSZ: 0x00007f104b3848a0 in libjvm.so+14174368, mask=11100100010111111101111111111110, flags=SA_RESTART|SA_SIGINFO
    SIGILL: 0x00007f104b4ded30 in libjvm.so+15592752, mask=11100100010111111101111111111110, flags=SA_RESTART|SA_SIGINFO
   SIGUSR2: 0x00007f104b383f40 in libjvm.so+14171968, mask=00100000000000000000000000000000, flags=SA_RESTART|SA_SIGINFO
    SIGHUP: SIG_DFL, mask=00000000000000000000000000000000, flags=none
    SIGINT: SIG_DFL, mask=00000000000000000000000000000000, flags=none
   SIGTERM: SIG_DFL, mask=00000000000000000000000000000000, flags=none
   SIGQUIT: 0x00007f104b383e70 in libjvm.so+14171760, mask=11100100010111111101111111111110, flags=SA_RESTART|SA_SIGINFO
   SIGTRAP: 0x00007f104b4ded30 in libjvm.so+15592752, mask=11100100010111111101111111111110, flags=SA_RESTART|SA_SIGINFO


---------------  S Y S T E M  ---------------

OS:
NAME=GNOME
VERSION="43 (Flatpak runtime)"
VERSION_ID=43
ID=org.gnome.Platform
PRETTY_NAME="GNOME 43 (Flatpak runtime)"
BUG_REPORT_URL="https://gitlab.gnome.org/GNOME/gnome-build-meta/-/issues/new"
HOME_URL="https://www.gnome.org/"
uname: Linux 5.19.0-42-generic #43~22.04.1-Ubuntu SMP PREEMPT_DYNAMIC Fri Apr 21 16:51:08 UTC 2 x86_64
OS uptime: 0 days 1:28 hours
libc: glibc 2.35 NPTL 2.35 
rlimit (soft/hard): STACK 8192k/infinity , CORE 0k/infinity , NPROC 12976/12976 , NOFILE 1048576/1048576 , AS infinity/infinity , CPU infinity/infinity , DATA infinity/infinity , FSIZE infinity/infinity , MEMLOCK 433128k/433128k
load average: 20.40 14.10 6.40

/proc/meminfo:
MemTotal:        3465040 kB
MemFree:          114868 kB
MemAvailable:      74856 kB
Buffers:            1580 kB
Cached:           116160 kB
SwapCached:       164728 kB
Active:           369944 kB
Inactive:        2551356 kB
Active(anon):     295140 kB
Inactive(anon):  2525256 kB
Active(file):      74804 kB
Inactive(file):    26100 kB
Unevictable:          64 kB
Mlocked:              64 kB
SwapTotal:       2097148 kB
SwapFree:         915772 kB
Zswap:                 0 kB
Zswapped:              0 kB
Dirty:               292 kB
Writeback:          4884 kB
AnonPages:       2743584 kB
Mapped:            87672 kB
Shmem:             16684 kB
KReclaimable:      51068 kB
Slab:             170272 kB
SReclaimable:      51068 kB
SUnreclaim:       119204 kB
KernelStack:       69176 kB
PageTables:        59504 kB
NFS_Unstable:          0 kB
Bounce:                0 kB
WritebackTmp:          0 kB
CommitLimit:     3829668 kB
Committed_AS:   22983148 kB
VmallocTotal:   34359738367 kB
VmallocUsed:      118752 kB
VmallocChunk:          0 kB
Percpu:             3056 kB
HardwareCorrupted:     0 kB
AnonHugePages:         0 kB
ShmemHugePages:        0 kB
ShmemPmdMapped:        0 kB
FileHugePages:         0 kB
FilePmdMapped:         0 kB
HugePages_Total:       0
HugePages_Free:        0
HugePages_Rsvd:        0
HugePages_Surp:        0
Hugepagesize:       2048 kB
Hugetlb:               0 kB
DirectMap4k:      234240 kB
DirectMap2M:     3399680 kB
DirectMap1G:           0 kB

/sys/kernel/mm/transparent_hugepage/enabled: <Not Available>
/sys/kernel/mm/transparent_hugepage/defrag (defrag/compaction efforts parameter): <Not Available>

Process Memory:
Virtual Size: 1364556K (peak: 1429060K)
Resident Set Size: 14872K (peak: 14872K) (anon: 1828K, file: 13044K, shmem: 0K)
Swapped out: 0K
C-Heap outstanding allocations: 4842K, retained: 277K
glibc malloc tunables: (default)

/proc/sys/kernel/threads-max (system-wide limit on the number of threads): 25953
/proc/sys/vm/max_map_count (maximum number of memory map areas a process may have): 65530
/proc/sys/kernel/pid_max (system-wide limit on number of process identifiers): 4194304

container information not found.
Steal ticks since vm start: 0
Steal ticks percentage since vm start:  0.000

CPU: total 4 (initial active 4) (4 cores per cpu, 1 threads per core) family 22 model 48 stepping 1 microcode 0x7030105, cx8, cmov, fxsr, mmx, 3dnowpref, sse, sse2, sse3, ssse3, sse4a, sse4.1, sse4.2, popcnt, lzcnt, tsc, tscinvbit, avx, aes, clmul, bmi1, vzeroupper, clflush
CPU Model and flags from /proc/cpuinfo:
model name	: AMD PRO A4-3350B APU with Radeon R4 Graphics
flags		: fpu vme de pse tsc msr pae mce cx8 apic sep mtrr pge mca cmov pat pse36 clflush mmx fxsr sse sse2 ht syscall nx mmxext fxsr_opt pdpe1gb rdtscp lm constant_tsc rep_good acc_power nopl nonstop_tsc cpuid extd_apicid aperfmperf pni pclmulqdq monitor ssse3 cx16 sse4_1 sse4_2 movbe popcnt aes xsave avx f16c lahf_lm cmp_legacy svm extapic cr8_legacy abm sse4a misalignsse 3dnowprefetch osvw ibs skinit wdt topoext perfctr_nb bpext ptsc perfctr_llc cpb hw_pstate ssbd vmmcall bmi1 xsaveopt arat npt lbrv svm_lock nrip_save tsc_scale flushbyasid decodeassists pausefilter pfthreshold overflow_recov

Online cpus: 0-3
Offline cpus: 
BIOS frequency limitation: 2000000
Frequency switch latency (ns): 4000
Available cpu frequencies: 2000000 1800000 1600000 1400000 1200000 1000000 
Current governor: schedutil
Core performance/turbo boost: 1

Memory: 4k page, physical 3465040k(116884k free), swap 2097148k(915772k free)
Page Sizes: 4k

vm_info: OpenJDK 64-Bit Server VM (17.0.6+10) for linux-amd64 JRE (17.0.6+10), built on Jan 17 2023 00:00:00 by "temurin" with gcc 10.3.0

END.
