#
# There is insufficient memory for the Java Runtime Environment to continue.
# Cannot create worker GC thread. Out of system resources.
# Possible reasons:
#   The system is out of physical RAM or swap space
#   The process is running with CompressedOops enabled, and the Java Heap may be blocking the growth of the native heap
# Possible solutions:
#   Reduce memory load on the system
#   Increase physical memory or swap space
#   Check if swap backing store is full
#   Decrease Java heap size (-Xmx/-Xms)
#   Decrease number of Java threads
#   Decrease Java thread stack sizes (-Xss)
#   Set larger code cache with -XX:ReservedCodeCacheSize=
#   JVM is running with Unscaled Compressed Oops mode in which the Java heap is
#     placed in the first 4GB address space. The Java Heap base address is the
#     maximum limit for the native heap growth. Please use -XX:HeapBaseMinAddress
#     to set the Java Heap base and to place the Java Heap above 4GB virtual address.
# This output file may be truncated or incomplete.
#
#  Out of Memory Error (workerManager.hpp:87), pid=13305, tid=13307
#
# JRE version:  (17.0.6+10) (build )
# Java VM: OpenJDK 64-Bit Server VM (17.0.6+10, mixed mode, sharing, tiered, compressed oops, compressed class ptrs, g1 gc, linux-amd64)
# Core dump will be written. Default location: Core dumps may be processed with "/lib/systemd/systemd-coredump %P %u %g %s %t 9223372036854775808 %h" (or dumping to /home/santhiya/eclipse-workspace/execise4/core.13305)
#

---------------  S U M M A R Y ------------

Command Line: -XX:+ShowCodeDetailsInExceptionMessages -agentlib:jdwp=transport=dt_socket,suspend=y,address=localhost:36605 -javaagent:/home/santhiya/.var/app/org.eclipse.Java/eclipse/configuration/org.eclipse.osgi/225/0/.cp/lib/javaagent-shaded.jar -Dfile.encoding=UTF-8 --module-path=/home/santhiya/eclipse-workspace/execise4/bin -Djdk.module.main=execise4 execise4/execise4.Puzzles

Host: AMD PRO A4-3350B APU with Radeon R4 Graphics, 4 cores, 3G, GNOME 43 (Flatpak runtime)
Time: Mon May 29 01:05:15 2023 EDT elapsed time: 0.013930 seconds (0d 0h 0m 0s)

---------------  T H R E A D  ---------------

Current thread (0x00007f16800285f0):  JavaThread "Unknown thread" [_thread_in_vm, id=13307, stack(0x00007f1687a1d000,0x00007f1687b1d000)]

Stack: [0x00007f1687a1d000,0x00007f1687b1d000],  sp=0x00007f1687b1b540,  free space=1017k
Native frames: (J=compiled Java code, j=interpreted, Vv=VM code, C=native code)
V  [libjvm.so+0xede141]
V  [libjvm.so+0xeded0d]
V  [libjvm.so+0x606e43]
V  [libjvm.so+0xf11d0f]
V  [libjvm.so+0xf11eaa]
V  [libjvm.so+0x6fe8d3]
V  [libjvm.so+0x6ed4ac]
V  [libjvm.so+0xe8c9f2]
V  [libjvm.so+0x7f8e07]
V  [libjvm.so+0xe63cb7]
V  [libjvm.so+0x8b5f22]  JNI_CreateJavaVM+0x52
C  [libjli.so+0x4a0f]
C  [libjli.so+0x8cf9]
C  [libc.so.6+0x8f1da]


---------------  P R O C E S S  ---------------

Threads class SMR info:
_java_thread_list=0x00007f1688f38620, length=0, elements={
}

Java Threads: ( => current thread )

Other Threads:
  0x00007f16800600e0 GCTaskThread "GC Thread#0" [stack: 0x00007f166ec98000,0x00007f166ed98000] [id=13310]

[error occurred during error reporting (printing all threads), id 0xb, SIGSEGV (0xb) at pc=0x00007f16882f9c20]

VM state: not at safepoint (not fully initialized)

VM Mutex/Monitor currently owned by a thread:  ([mutex/lock_event])
[0x00007f1680025b30] Heap_lock - owner thread: 0x00007f16800285f0

Heap address: 0x00000000cb200000, size: 846 MB, Compressed Oops mode: 32-bit

CDS archive(s) mapped at: [0x0000000000000000-0x0000000000000000-0x0000000000000000), size 0, SharedBaseAddress: 0x0000000800000000, ArchiveRelocationMode: 0.
Narrow klass base: 0x0000000000000000, Narrow klass shift: 0, Narrow klass range: 0x0

GC Precious Log:
<Empty>

Heap:
 garbage-first heap   total 0K, used 0K [0x00000000cb200000, 0x0000000100000000)
  region size 1024K, 0 young (0K), 0 survivors (0K)

[error occurred during error reporting (printing heap information), id 0xb, SIGSEGV (0xb) at pc=0x00007f16888b9ffa]

GC Heap History (0 events):
No events

Dll operation events (1 events):
Event: 0.009 Loaded shared library /app/eclipse/plugins/org.eclipse.justj.openjdk.hotspot.jre.full.linux.x86_64_17.0.6.v20230204-1729/jre/lib/libjava.so

Deoptimization events (0 events):
No events

Classes unloaded (0 events):
No events

Classes redefined (0 events):
No events

Internal exceptions (0 events):
No events

VM Operations (0 events):
No events

Events (1 events):
Event: 0.008 Protecting memory [0x00007f1687a1d000,0x00007f1687a21000] with protection modes 0


Dynamic libraries:
cb200000-100000000 ---p 00000000 00:00 0 
55a347bd3000-55a347bd4000 r--p 00000000 08:07 427544                     /app/eclipse/plugins/org.eclipse.justj.openjdk.hotspot.jre.full.linux.x86_64_17.0.6.v20230204-1729/jre/bin/java
55a347bd4000-55a347bd5000 r-xp 00001000 08:07 427544                     /app/eclipse/plugins/org.eclipse.justj.openjdk.hotspot.jre.full.linux.x86_64_17.0.6.v20230204-1729/jre/bin/java
55a347bd5000-55a347bd6000 r--p 00002000 08:07 427544                     /app/eclipse/plugins/org.eclipse.justj.openjdk.hotspot.jre.full.linux.x86_64_17.0.6.v20230204-1729/jre/bin/java
55a347bd6000-55a347bd7000 r--p 00002000 08:07 427544                     /app/eclipse/plugins/org.eclipse.justj.openjdk.hotspot.jre.full.linux.x86_64_17.0.6.v20230204-1729/jre/bin/java
55a347bd7000-55a347bd8000 rw-p 00003000 08:07 427544                     /app/eclipse/plugins/org.eclipse.justj.openjdk.hotspot.jre.full.linux.x86_64_17.0.6.v20230204-1729/jre/bin/java
55a348044000-55a34808c000 rw-p 00000000 00:00 0                          [heap]
7f1668000000-7f1668021000 rw-p 00000000 00:00 0 
7f1668021000-7f166c000000 ---p 00000000 00:00 0 
7f166eb94000-7f166eb95000 ---p 00000000 00:00 0 
7f166eb95000-7f166ec96000 rw-p 00000000 00:00 0 
7f166ec96000-7f166ec97000 ---p 00000000 00:00 0 
7f166ec97000-7f166ed98000 rw-p 00000000 00:00 0 
7f166ed98000-7f1670cfd000 ---p 00000000 00:00 0 
7f1670cfd000-7f1671000000 rw-p 00000000 00:00 0 
7f1671000000-7f1671270000 rwxp 00000000 00:00 0 
7f1671270000-7f1678537000 ---p 00000000 00:00 0 
7f1678537000-7f16787a7000 rwxp 00000000 00:00 0 
7f16787a7000-7f1678ac8000 ---p 00000000 00:00 0 
7f1678ac8000-7f1678d38000 rwxp 00000000 00:00 0 
7f1678d38000-7f1680000000 ---p 00000000 00:00 0 
7f1680000000-7f168008f000 rw-p 00000000 00:00 0 
7f168008f000-7f1684000000 ---p 00000000 00:00 0 
7f1684014000-7f168411a000 rw-p 00000000 00:00 0 
7f168411a000-7f1684200000 ---p 00000000 00:00 0 
7f1684200000-7f1687862000 r--s 00000000 08:07 427966                     /app/eclipse/plugins/org.eclipse.justj.openjdk.hotspot.jre.full.linux.x86_64_17.0.6.v20230204-1729/jre/lib/modules
7f1687932000-7f1687937000 rw-p 00000000 00:00 0 
7f1687937000-7f1687a1d000 ---p 00000000 00:00 0 
7f1687a1d000-7f1687a21000 ---p 00000000 00:00 0 
7f1687a21000-7f1687b1d000 rw-p 00000000 00:00 0 
7f1687b1d000-7f1687b2b000 r--p 00000000 08:07 405175                     /usr/lib/x86_64-linux-gnu/libm.so.6
7f1687b2b000-7f1687ba1000 r-xp 0000e000 08:07 405175                     /usr/lib/x86_64-linux-gnu/libm.so.6
7f1687ba1000-7f1687bfe000 r--p 00084000 08:07 405175                     /usr/lib/x86_64-linux-gnu/libm.so.6
7f1687bfe000-7f1687bff000 r--p 000e0000 08:07 405175                     /usr/lib/x86_64-linux-gnu/libm.so.6
7f1687bff000-7f1687c00000 rw-p 000e1000 08:07 405175                     /usr/lib/x86_64-linux-gnu/libm.so.6
7f1687c00000-7f1687e52000 r--p 00000000 08:07 427417                     /app/eclipse/plugins/org.eclipse.justj.openjdk.hotspot.jre.full.linux.x86_64_17.0.6.v20230204-1729/jre/lib/server/libjvm.so
7f1687e52000-7f1688b6f000 r-xp 00252000 08:07 427417                     /app/eclipse/plugins/org.eclipse.justj.openjdk.hotspot.jre.full.linux.x86_64_17.0.6.v20230204-1729/jre/lib/server/libjvm.so
7f1688b6f000-7f1688dfb000 r--p 00f6f000 08:07 427417                     /app/eclipse/plugins/org.eclipse.justj.openjdk.hotspot.jre.full.linux.x86_64_17.0.6.v20230204-1729/jre/lib/server/libjvm.so
7f1688dfb000-7f1688eb4000 r--p 011fa000 08:07 427417                     /app/eclipse/plugins/org.eclipse.justj.openjdk.hotspot.jre.full.linux.x86_64_17.0.6.v20230204-1729/jre/lib/server/libjvm.so
7f1688eb4000-7f1688ee9000 rw-p 012b3000 08:07 427417                     /app/eclipse/plugins/org.eclipse.justj.openjdk.hotspot.jre.full.linux.x86_64_17.0.6.v20230204-1729/jre/lib/server/libjvm.so
7f1688ee9000-7f1688f43000 rw-p 00000000 00:00 0 
7f1688fc2000-7f1688fe4000 rw-p 00000000 00:00 0 
7f1688fe4000-7f1688feb000 ---p 00000000 00:00 0 
7f1688feb000-7f1688ff3000 rw-s 00000000 08:07 2272340                    /tmp/hsperfdata_santhiya/13305 (deleted)
7f1688ff3000-7f1688ff5000 r--p 00000000 08:07 426959                     /app/eclipse/plugins/org.eclipse.justj.openjdk.hotspot.jre.full.linux.x86_64_17.0.6.v20230204-1729/jre/lib/libinstrument.so
7f1688ff5000-7f1688ffb000 r-xp 00002000 08:07 426959                     /app/eclipse/plugins/org.eclipse.justj.openjdk.hotspot.jre.full.linux.x86_64_17.0.6.v20230204-1729/jre/lib/libinstrument.so
7f1688ffb000-7f1688ffe000 r--p 00008000 08:07 426959                     /app/eclipse/plugins/org.eclipse.justj.openjdk.hotspot.jre.full.linux.x86_64_17.0.6.v20230204-1729/jre/lib/libinstrument.so
7f1688ffe000-7f1688fff000 r--p 0000a000 08:07 426959                     /app/eclipse/plugins/org.eclipse.justj.openjdk.hotspot.jre.full.linux.x86_64_17.0.6.v20230204-1729/jre/lib/libinstrument.so
7f1688fff000-7f1689000000 rw-p 0000b000 08:07 426959                     /app/eclipse/plugins/org.eclipse.justj.openjdk.hotspot.jre.full.linux.x86_64_17.0.6.v20230204-1729/jre/lib/libinstrument.so
7f1689000000-7f1689028000 r--p 00000000 08:07 425351                     /usr/lib/x86_64-linux-gnu/libc.so.6
7f1689028000-7f16891a8000 r-xp 00028000 08:07 425351                     /usr/lib/x86_64-linux-gnu/libc.so.6
7f16891a8000-7f16891fa000 r--p 001a8000 08:07 425351                     /usr/lib/x86_64-linux-gnu/libc.so.6
7f16891fa000-7f16891fe000 r--p 001f9000 08:07 425351                     /usr/lib/x86_64-linux-gnu/libc.so.6
7f16891fe000-7f1689200000 rw-p 001fd000 08:07 425351                     /usr/lib/x86_64-linux-gnu/libc.so.6
7f1689200000-7f168920d000 rw-p 00000000 00:00 0 
7f1689210000-7f168921d000 r--p 00000000 08:07 427011                     /app/eclipse/plugins/org.eclipse.justj.openjdk.hotspot.jre.full.linux.x86_64_17.0.6.v20230204-1729/jre/lib/libjava.so
7f168921d000-7f168922f000 r-xp 0000d000 08:07 427011                     /app/eclipse/plugins/org.eclipse.justj.openjdk.hotspot.jre.full.linux.x86_64_17.0.6.v20230204-1729/jre/lib/libjava.so
7f168922f000-7f1689235000 r--p 0001f000 08:07 427011                     /app/eclipse/plugins/org.eclipse.justj.openjdk.hotspot.jre.full.linux.x86_64_17.0.6.v20230204-1729/jre/lib/libjava.so
7f1689235000-7f1689236000 ---p 00025000 08:07 427011                     /app/eclipse/plugins/org.eclipse.justj.openjdk.hotspot.jre.full.linux.x86_64_17.0.6.v20230204-1729/jre/lib/libjava.so
7f1689236000-7f1689237000 r--p 00025000 08:07 427011                     /app/eclipse/plugins/org.eclipse.justj.openjdk.hotspot.jre.full.linux.x86_64_17.0.6.v20230204-1729/jre/lib/libjava.so
7f1689237000-7f1689238000 rw-p 00026000 08:07 427011                     /app/eclipse/plugins/org.eclipse.justj.openjdk.hotspot.jre.full.linux.x86_64_17.0.6.v20230204-1729/jre/lib/libjava.so
7f1689238000-7f1689239000 rw-p 00000000 00:00 0 
7f1689239000-7f168923c000 r--p 00000000 08:07 427012                     /app/eclipse/plugins/org.eclipse.justj.openjdk.hotspot.jre.full.linux.x86_64_17.0.6.v20230204-1729/jre/lib/libjdwp.so
7f168923c000-7f1689269000 r-xp 00003000 08:07 427012                     /app/eclipse/plugins/org.eclipse.justj.openjdk.hotspot.jre.full.linux.x86_64_17.0.6.v20230204-1729/jre/lib/libjdwp.so
7f1689269000-7f1689277000 r--p 00030000 08:07 427012                     /app/eclipse/plugins/org.eclipse.justj.openjdk.hotspot.jre.full.linux.x86_64_17.0.6.v20230204-1729/jre/lib/libjdwp.so
7f1689277000-7f1689278000 r--p 0003d000 08:07 427012                     /app/eclipse/plugins/org.eclipse.justj.openjdk.hotspot.jre.full.linux.x86_64_17.0.6.v20230204-1729/jre/lib/libjdwp.so
7f1689278000-7f1689279000 rw-p 0003e000 08:07 427012                     /app/eclipse/plugins/org.eclipse.justj.openjdk.hotspot.jre.full.linux.x86_64_17.0.6.v20230204-1729/jre/lib/libjdwp.so
7f1689279000-7f168927a000 rw-p 00000000 00:00 0 
7f168927a000-7f168927e000 r--p 00000000 08:07 427431                     /app/eclipse/plugins/org.eclipse.justj.openjdk.hotspot.jre.full.linux.x86_64_17.0.6.v20230204-1729/jre/lib/libjimage.so
7f168927e000-7f1689291000 r-xp 00004000 08:07 427431                     /app/eclipse/plugins/org.eclipse.justj.openjdk.hotspot.jre.full.linux.x86_64_17.0.6.v20230204-1729/jre/lib/libjimage.so
7f1689291000-7f1689297000 r--p 00017000 08:07 427431                     /app/eclipse/plugins/org.eclipse.justj.openjdk.hotspot.jre.full.linux.x86_64_17.0.6.v20230204-1729/jre/lib/libjimage.so
7f1689297000-7f1689299000 r--p 0001c000 08:07 427431                     /app/eclipse/plugins/org.eclipse.justj.openjdk.hotspot.jre.full.linux.x86_64_17.0.6.v20230204-1729/jre/lib/libjimage.so
7f1689299000-7f168929a000 rw-p 0001e000 08:07 427431                     /app/eclipse/plugins/org.eclipse.justj.openjdk.hotspot.jre.full.linux.x86_64_17.0.6.v20230204-1729/jre/lib/libjimage.so
7f168929a000-7f168929b000 r--p 00000000 08:07 417275                     /usr/lib/x86_64-linux-gnu/librt.so.1
7f168929b000-7f168929c000 r-xp 00001000 08:07 417275                     /usr/lib/x86_64-linux-gnu/librt.so.1
7f168929c000-7f168929d000 r--p 00002000 08:07 417275                     /usr/lib/x86_64-linux-gnu/librt.so.1
7f168929d000-7f168929e000 r--p 00002000 08:07 417275                     /usr/lib/x86_64-linux-gnu/librt.so.1
7f168929e000-7f168929f000 rw-p 00003000 08:07 417275                     /usr/lib/x86_64-linux-gnu/librt.so.1
7f168929f000-7f16892a3000 rw-p 00000000 00:00 0 
7f16892a3000-7f16892a4000 r--p 00000000 08:07 418045                     /usr/lib/x86_64-linux-gnu/libdl.so.2
7f16892a4000-7f16892a5000 r-xp 00001000 08:07 418045                     /usr/lib/x86_64-linux-gnu/libdl.so.2
7f16892a5000-7f16892a6000 r--p 00002000 08:07 418045                     /usr/lib/x86_64-linux-gnu/libdl.so.2
7f16892a6000-7f16892a7000 r--p 00002000 08:07 418045                     /usr/lib/x86_64-linux-gnu/libdl.so.2
7f16892a7000-7f16892a8000 rw-p 00003000 08:07 418045                     /usr/lib/x86_64-linux-gnu/libdl.so.2
7f16892a8000-7f16892a9000 r--p 00000000 08:07 404935                     /usr/lib/x86_64-linux-gnu/libpthread.so.0
7f16892a9000-7f16892aa000 r-xp 00001000 08:07 404935                     /usr/lib/x86_64-linux-gnu/libpthread.so.0
7f16892aa000-7f16892ab000 r--p 00002000 08:07 404935                     /usr/lib/x86_64-linux-gnu/libpthread.so.0
7f16892ab000-7f16892ac000 r--p 00002000 08:07 404935                     /usr/lib/x86_64-linux-gnu/libpthread.so.0
7f16892ac000-7f16892ad000 rw-p 00003000 08:07 404935                     /usr/lib/x86_64-linux-gnu/libpthread.so.0
7f16892ad000-7f16892b0000 r--p 00000000 08:07 426743                     /app/eclipse/plugins/org.eclipse.justj.openjdk.hotspot.jre.full.linux.x86_64_17.0.6.v20230204-1729/jre/lib/libjli.so
7f16892b0000-7f16892ba000 r-xp 00003000 08:07 426743                     /app/eclipse/plugins/org.eclipse.justj.openjdk.hotspot.jre.full.linux.x86_64_17.0.6.v20230204-1729/jre/lib/libjli.so
7f16892ba000-7f16892bd000 r--p 0000d000 08:07 426743                     /app/eclipse/plugins/org.eclipse.justj.openjdk.hotspot.jre.full.linux.x86_64_17.0.6.v20230204-1729/jre/lib/libjli.so
7f16892bd000-7f16892be000 ---p 00010000 08:07 426743                     /app/eclipse/plugins/org.eclipse.justj.openjdk.hotspot.jre.full.linux.x86_64_17.0.6.v20230204-1729/jre/lib/libjli.so
7f16892be000-7f16892bf000 r--p 00010000 08:07 426743                     /app/eclipse/plugins/org.eclipse.justj.openjdk.hotspot.jre.full.linux.x86_64_17.0.6.v20230204-1729/jre/lib/libjli.so
7f16892bf000-7f16892c0000 rw-p 00011000 08:07 426743                     /app/eclipse/plugins/org.eclipse.justj.openjdk.hotspot.jre.full.linux.x86_64_17.0.6.v20230204-1729/jre/lib/libjli.so
7f16892c0000-7f16892c3000 r--p 00000000 08:07 425024                     /usr/lib/x86_64-linux-gnu/libz.so.1.2.13
7f16892c3000-7f16892d2000 r-xp 00003000 08:07 425024                     /usr/lib/x86_64-linux-gnu/libz.so.1.2.13
7f16892d2000-7f16892d8000 r--p 00012000 08:07 425024                     /usr/lib/x86_64-linux-gnu/libz.so.1.2.13
7f16892d8000-7f16892d9000 ---p 00018000 08:07 425024                     /usr/lib/x86_64-linux-gnu/libz.so.1.2.13
7f16892d9000-7f16892da000 r--p 00018000 08:07 425024                     /usr/lib/x86_64-linux-gnu/libz.so.1.2.13
7f16892da000-7f16892db000 rw-p 00019000 08:07 425024                     /usr/lib/x86_64-linux-gnu/libz.so.1.2.13
7f16892e0000-7f16892e1000 ---p 00000000 00:00 0 
7f16892e1000-7f16892e2000 r--p 00000000 00:00 0 
7f16892e2000-7f16892e3000 ---p 00000000 00:00 0 
7f16892e3000-7f16892e5000 rw-p 00000000 00:00 0 
7f16892e5000-7f16892e7000 r--p 00000000 08:07 421012                     /usr/lib/x86_64-linux-gnu/ld-linux-x86-64.so.2
7f16892e7000-7f168930f000 r-xp 00002000 08:07 421012                     /usr/lib/x86_64-linux-gnu/ld-linux-x86-64.so.2
7f168930f000-7f168931a000 r--p 0002a000 08:07 421012                     /usr/lib/x86_64-linux-gnu/ld-linux-x86-64.so.2
7f168931a000-7f168931c000 r--p 00034000 08:07 421012                     /usr/lib/x86_64-linux-gnu/ld-linux-x86-64.so.2
7f168931c000-7f168931e000 rw-p 00036000 08:07 421012                     /usr/lib/x86_64-linux-gnu/ld-linux-x86-64.so.2
7ffe8e76b000-7ffe8e78c000 rw-p 00000000 00:00 0                          [stack]
7ffe8e7db000-7ffe8e7df000 r--p 00000000 00:00 0                          [vvar]
7ffe8e7df000-7ffe8e7e1000 r-xp 00000000 00:00 0                          [vdso]
ffffffffff600000-ffffffffff601000 --xp 00000000 00:00 0                  [vsyscall]


VM Arguments:
jvm_args: -XX:+ShowCodeDetailsInExceptionMessages -agentlib:jdwp=transport=dt_socket,suspend=y,address=localhost:36605 -javaagent:/home/santhiya/.var/app/org.eclipse.Java/eclipse/configuration/org.eclipse.osgi/225/0/.cp/lib/javaagent-shaded.jar -Dfile.encoding=UTF-8 --module-path=/home/santhiya/eclipse-workspace/execise4/bin -Djdk.module.main=execise4 
java_command: execise4/execise4.Puzzles
java_class_path (initial): <not set>
Launcher Type: SUN_STANDARD

[Global flags]
     intx CICompilerCount                          = 3                                         {product} {ergonomic}
     uint ConcGCThreads                            = 1                                         {product} {ergonomic}
     uint G1ConcRefinementThreads                  = 4                                         {product} {ergonomic}
   size_t G1HeapRegionSize                         = 1048576                                   {product} {ergonomic}
    uintx GCDrainStackTargetSize                   = 64                                        {product} {ergonomic}
   size_t InitialHeapSize                          = 56623104                                  {product} {ergonomic}
   size_t MarkStackSize                            = 4194304                                   {product} {ergonomic}
   size_t MaxHeapSize                              = 887095296                                 {product} {ergonomic}
   size_t MinHeapDeltaBytes                        = 1048576                                   {product} {ergonomic}
   size_t MinHeapSize                              = 8388608                                   {product} {ergonomic}
    uintx NonNMethodCodeHeapSize                   = 5832780                                {pd product} {ergonomic}
    uintx NonProfiledCodeHeapSize                  = 122912730                              {pd product} {ergonomic}
    uintx ProfiledCodeHeapSize                     = 122912730                              {pd product} {ergonomic}
    uintx ReservedCodeCacheSize                    = 251658240                              {pd product} {ergonomic}
     bool SegmentedCodeCache                       = true                                      {product} {ergonomic}
     bool ShowCodeDetailsInExceptionMessages       = true                                   {manageable} {command line}
   size_t SoftMaxHeapSize                          = 887095296                              {manageable} {ergonomic}
     bool UseCompressedClassPointers               = true                           {product lp64_product} {ergonomic}
     bool UseCompressedOops                        = true                           {product lp64_product} {ergonomic}
     bool UseG1GC                                  = true                                      {product} {ergonomic}

Logging:
Log output configuration:
 #0: stdout all=warning uptime,level,tags
 #1: stderr all=off uptime,level,tags

Environment Variables:
PATH=/app/bin:/usr/bin
LD_LIBRARY_PATH=
SHELL=/bin/sh
DISPLAY=:99.0
LANG=en_US.UTF-8

Signal Handlers:
   SIGSEGV: 0x00007f1688aded30 in libjvm.so+15592752, mask=11100100010111111101111111111110, flags=SA_RESTART|SA_SIGINFO
    SIGBUS: 0x00007f1688aded30 in libjvm.so+15592752, mask=11100100010111111101111111111110, flags=SA_RESTART|SA_SIGINFO
    SIGFPE: 0x00007f1688aded30 in libjvm.so+15592752, mask=11100100010111111101111111111110, flags=SA_RESTART|SA_SIGINFO
   SIGPIPE: 0x00007f16889848a0 in libjvm.so+14174368, mask=11100100010111111101111111111110, flags=SA_RESTART|SA_SIGINFO
   SIGXFSZ: 0x00007f16889848a0 in libjvm.so+14174368, mask=11100100010111111101111111111110, flags=SA_RESTART|SA_SIGINFO
    SIGILL: 0x00007f1688aded30 in libjvm.so+15592752, mask=11100100010111111101111111111110, flags=SA_RESTART|SA_SIGINFO
   SIGUSR2: 0x00007f1688983f40 in libjvm.so+14171968, mask=00100000000000000000000000000000, flags=SA_RESTART|SA_SIGINFO
    SIGHUP: SIG_DFL, mask=00000000000000000000000000000000, flags=none
    SIGINT: SIG_DFL, mask=00000000000000000000000000000000, flags=none
   SIGTERM: SIG_DFL, mask=00000000000000000000000000000000, flags=none
   SIGQUIT: 0x00007f1688983e70 in libjvm.so+14171760, mask=11100100010111111101111111111110, flags=SA_RESTART|SA_SIGINFO
   SIGTRAP: 0x00007f1688aded30 in libjvm.so+15592752, mask=11100100010111111101111111111110, flags=SA_RESTART|SA_SIGINFO


---------------  S Y S T E M  ---------------

OS:
NAME=GNOME
VERSION="43 (Flatpak runtime)"
VERSION_ID=43
ID=org.gnome.Platform
PRETTY_NAME="GNOME 43 (Flatpak runtime)"
BUG_REPORT_URL="https://gitlab.gnome.org/GNOME/gnome-build-meta/-/issues/new"
HOME_URL="https://www.gnome.org/"
uname: Linux 5.19.0-42-generic #43~22.04.1-Ubuntu SMP PREEMPT_DYNAMIC Fri Apr 21 16:51:08 UTC 2 x86_64
OS uptime: 0 days 1:29 hours
libc: glibc 2.35 NPTL 2.35 
rlimit (soft/hard): STACK 8192k/infinity , CORE 0k/infinity , NPROC 12976/12976 , NOFILE 1048576/1048576 , AS infinity/infinity , CPU infinity/infinity , DATA infinity/infinity , FSIZE infinity/infinity , MEMLOCK 433128k/433128k
load average: 17.50 14.20 6.76

/proc/meminfo:
MemTotal:        3465040 kB
MemFree:          117448 kB
MemAvailable:      91392 kB
Buffers:            4760 kB
Cached:           141144 kB
SwapCached:       169040 kB
Active:           358768 kB
Inactive:        2559360 kB
Active(anon):     262912 kB
Inactive(anon):  2525940 kB
Active(file):      95856 kB
Inactive(file):    33420 kB
Unevictable:          64 kB
Mlocked:              64 kB
SwapTotal:       2097148 kB
SwapFree:         862396 kB
Zswap:                 0 kB
Zswapped:              0 kB
Dirty:              1284 kB
Writeback:             0 kB
AnonPages:       2700944 kB
Mapped:           100804 kB
Shmem:             16628 kB
KReclaimable:      50608 kB
Slab:             169740 kB
SReclaimable:      50608 kB
SUnreclaim:       119132 kB
KernelStack:       69168 kB
PageTables:        59880 kB
NFS_Unstable:          0 kB
Bounce:                0 kB
WritebackTmp:          0 kB
CommitLimit:     3829668 kB
Committed_AS:   23265344 kB
VmallocTotal:   34359738367 kB
VmallocUsed:      118672 kB
VmallocChunk:          0 kB
Percpu:             3056 kB
HardwareCorrupted:     0 kB
AnonHugePages:         0 kB
ShmemHugePages:        0 kB
ShmemPmdMapped:        0 kB
FileHugePages:         0 kB
FilePmdMapped:         0 kB
HugePages_Total:       0
HugePages_Free:        0
HugePages_Rsvd:        0
HugePages_Surp:        0
Hugepagesize:       2048 kB
Hugetlb:               0 kB
DirectMap4k:      236288 kB
DirectMap2M:     3397632 kB
DirectMap1G:           0 kB

/sys/kernel/mm/transparent_hugepage/enabled: <Not Available>
/sys/kernel/mm/transparent_hugepage/defrag (defrag/compaction efforts parameter): <Not Available>

Process Memory:
Virtual Size: 1364556K (peak: 1429060K)
Resident Set Size: 14848K (peak: 14848K) (anon: 1824K, file: 13024K, shmem: 0K)
Swapped out: 0K
C-Heap outstanding allocations: 4842K, retained: 277K
glibc malloc tunables: (default)

/proc/sys/kernel/threads-max (system-wide limit on the number of threads): 25953
/proc/sys/vm/max_map_count (maximum number of memory map areas a process may have): 65530
/proc/sys/kernel/pid_max (system-wide limit on number of process identifiers): 4194304

container information not found.
Steal ticks since vm start: 0
Steal ticks percentage since vm start:  0.000

CPU: total 4 (initial active 4) (4 cores per cpu, 1 threads per core) family 22 model 48 stepping 1 microcode 0x7030105, cx8, cmov, fxsr, mmx, 3dnowpref, sse, sse2, sse3, ssse3, sse4a, sse4.1, sse4.2, popcnt, lzcnt, tsc, tscinvbit, avx, aes, clmul, bmi1, vzeroupper, clflush
CPU Model and flags from /proc/cpuinfo:
model name	: AMD PRO A4-3350B APU with Radeon R4 Graphics
flags		: fpu vme de pse tsc msr pae mce cx8 apic sep mtrr pge mca cmov pat pse36 clflush mmx fxsr sse sse2 ht syscall nx mmxext fxsr_opt pdpe1gb rdtscp lm constant_tsc rep_good acc_power nopl nonstop_tsc cpuid extd_apicid aperfmperf pni pclmulqdq monitor ssse3 cx16 sse4_1 sse4_2 movbe popcnt aes xsave avx f16c lahf_lm cmp_legacy svm extapic cr8_legacy abm sse4a misalignsse 3dnowprefetch osvw ibs skinit wdt topoext perfctr_nb bpext ptsc perfctr_llc cpb hw_pstate ssbd vmmcall bmi1 xsaveopt arat npt lbrv svm_lock nrip_save tsc_scale flushbyasid decodeassists pausefilter pfthreshold overflow_recov

Online cpus: 0-3
Offline cpus: 
BIOS frequency limitation: 2000000
Frequency switch latency (ns): 4000
Available cpu frequencies: 2000000 1800000 1600000 1400000 1200000 1000000 
Current governor: schedutil
Core performance/turbo boost: 1

Memory: 4k page, physical 3465040k(117196k free), swap 2097148k(862396k free)
Page Sizes: 4k

vm_info: OpenJDK 64-Bit Server VM (17.0.6+10) for linux-amd64 JRE (17.0.6+10), built on Jan 17 2023 00:00:00 by "temurin" with gcc 10.3.0

END.
