#
# There is insufficient memory for the Java Runtime Environment to continue.
# Cannot create worker GC thread. Out of system resources.
# Possible reasons:
#   The system is out of physical RAM or swap space
#   The process is running with CompressedOops enabled, and the Java Heap may be blocking the growth of the native heap
# Possible solutions:
#   Reduce memory load on the system
#   Increase physical memory or swap space
#   Check if swap backing store is full
#   Decrease Java heap size (-Xmx/-Xms)
#   Decrease number of Java threads
#   Decrease Java thread stack sizes (-Xss)
#   Set larger code cache with -XX:ReservedCodeCacheSize=
#   JVM is running with Unscaled Compressed Oops mode in which the Java heap is
#     placed in the first 4GB address space. The Java Heap base address is the
#     maximum limit for the native heap growth. Please use -XX:HeapBaseMinAddress
#     to set the Java Heap base and to place the Java Heap above 4GB virtual address.
# This output file may be truncated or incomplete.
#
#  Out of Memory Error (workerManager.hpp:87), pid=19890, tid=19890
#
# JRE version:  (17.0.7+7) (build )
# Java VM: OpenJDK 64-Bit Server VM (17.0.7+7, mixed mode, sharing, tiered, compressed oops, compressed class ptrs, g1 gc, linux-amd64)
# Core dump will be written. Default location: Core dumps may be processed with "/lib/systemd/systemd-coredump %P %u %g %s %t 9223372036854775808 %h" (or dumping to /home/santhiya/eclipse-workspace/Assignmentlevel1/core.19890)
#

---------------  S U M M A R Y ------------

Command Line: -XX:+ShowCodeDetailsInExceptionMessages -agentlib:jdwp=transport=dt_socket,suspend=y,address=localhost:35333 -javaagent:/home/santhiya/.var/app/org.eclipse.Java/eclipse/configuration/org.eclipse.osgi/599/0/.cp/lib/javaagent-shaded.jar -Dfile.encoding=UTF-8 --module-path=/home/santhiya/eclipse-workspace/Assignmentlevel1/bin -Djdk.module.main=Assignmentlevel1 Assignmentlevel1/intrviewprogram.Programs

Host: AMD PRO A4-3350B APU with Radeon R4 Graphics, 4 cores, 3G, GNOME 44 (Flatpak runtime)
Time: Sat Aug 26 15:26:52 2023 IST elapsed time: 0.011091 seconds (0d 0h 0m 0s)

---------------  T H R E A D  ---------------

Current thread (0x000055c80bb61c50):  JavaThread "Unknown thread" [_thread_in_vm, id=19890, stack(0x00007ffcefc9c000,0x00007ffcf049a000)]

Stack: [0x00007ffcefc9c000,0x00007ffcf049a000],  sp=0x00007ffcf0494660,  free space=8161k
Native frames: (J=compiled Java code, j=interpreted, Vv=VM code, C=native code)
V  [libjvm.so+0xee1661]
V  [libjvm.so+0xee222d]
V  [libjvm.so+0x608ecc]
V  [libjvm.so+0xf14fbf]
V  [libjvm.so+0xf1515a]
V  [libjvm.so+0x6ef7f1]
V  [libjvm.so+0xe90462]
V  [libjvm.so+0x7fb0f7]
V  [libjvm.so+0xe678a7]
V  [libjvm.so+0x8b99a2]  JNI_CreateJavaVM+0x52
C  [libjli.so+0x4a0f]
C  [libjli.so+0x9920]
C  [libjli.so+0x69fd]
C  [libjli.so+0x8074]  JLI_Launch+0x1484
C  [java+0x1203]
C  [libc.so.6+0x2954a]
C  [libc.so.6+0x2960b]  __libc_start_main+0x8b


---------------  P R O C E S S  ---------------

Threads class SMR info:
_java_thread_list=0x00007f4e8f33c9c0, length=0, elements={
}

Java Threads: ( => current thread )

Other Threads:

[error occurred during error reporting (printing all threads), id 0xb, SIGSEGV (0xb) at pc=0x00007f4e8e6fc170]

VM state: not at safepoint (not fully initialized)

VM Mutex/Monitor currently owned by a thread:  ([mutex/lock_event])
[0x000055c80bb5f190] Heap_lock - owner thread: 0x000055c80bb61c50

Heap address: 0x00000000cb600000, size: 842 MB, Compressed Oops mode: 32-bit

CDS archive(s) mapped at: [0x0000000000000000-0x0000000000000000-0x0000000000000000), size 0, SharedBaseAddress: 0x0000000800000000, ArchiveRelocationMode: 0.
Narrow klass base: 0x0000000000000000, Narrow klass shift: 0, Narrow klass range: 0x0

GC Precious Log:
<Empty>

Heap:
 garbage-first heap   total 0K, used 0K [0x00000000cb600000, 0x0000000100000000)
  region size 1024K, 0 young (0K), 0 survivors (0K)

[error occurred during error reporting (printing heap information), id 0xb, SIGSEGV (0xb) at pc=0x00007f4e8ecbdb8a]

GC Heap History (0 events):
No events

Dll operation events (1 events):
Event: 0.007 Loaded shared library /app/eclipse/plugins/org.eclipse.justj.openjdk.hotspot.jre.full.linux.x86_64_17.0.7.v20230425-1502/jre/lib/libjava.so

Deoptimization events (0 events):
No events

Classes unloaded (0 events):
No events

Classes redefined (0 events):
No events

Internal exceptions (0 events):
No events

VM Operations (0 events):
No events

Events (1 events):
Event: 0.007 Protecting memory [0x00007ffcefc9c000,0x00007ffcefca0000] with protection modes 0


Dynamic libraries:
cb600000-100000000 ---p 00000000 00:00 0 
55c80a410000-55c80a411000 r--p 00000000 08:07 1070959                    /app/eclipse/plugins/org.eclipse.justj.openjdk.hotspot.jre.full.linux.x86_64_17.0.7.v20230425-1502/jre/bin/java
55c80a411000-55c80a412000 r-xp 00001000 08:07 1070959                    /app/eclipse/plugins/org.eclipse.justj.openjdk.hotspot.jre.full.linux.x86_64_17.0.7.v20230425-1502/jre/bin/java
55c80a412000-55c80a413000 r--p 00002000 08:07 1070959                    /app/eclipse/plugins/org.eclipse.justj.openjdk.hotspot.jre.full.linux.x86_64_17.0.7.v20230425-1502/jre/bin/java
55c80a413000-55c80a414000 r--p 00002000 08:07 1070959                    /app/eclipse/plugins/org.eclipse.justj.openjdk.hotspot.jre.full.linux.x86_64_17.0.7.v20230425-1502/jre/bin/java
55c80a414000-55c80a415000 rw-p 00003000 08:07 1070959                    /app/eclipse/plugins/org.eclipse.justj.openjdk.hotspot.jre.full.linux.x86_64_17.0.7.v20230425-1502/jre/bin/java
55c80bb13000-55c80bbc6000 rw-p 00000000 00:00 0                          [heap]
7f4e790d0000-7f4e790d1000 ---p 00000000 00:00 0 
7f4e790d1000-7f4e791d2000 rw-p 00000000 00:00 0 
7f4e791d2000-7f4e7b111000 ---p 00000000 00:00 0 
7f4e7b111000-7f4e7b51a000 rw-p 00000000 00:00 0 
7f4e7b51a000-7f4e7b600000 ---p 00000000 00:00 0 
7f4e7b600000-7f4e7b870000 rwxp 00000000 00:00 0 
7f4e7b870000-7f4e82b37000 ---p 00000000 00:00 0 
7f4e82b37000-7f4e82da7000 rwxp 00000000 00:00 0 
7f4e82da7000-7f4e830c8000 ---p 00000000 00:00 0 
7f4e830c8000-7f4e83338000 rwxp 00000000 00:00 0 
7f4e83338000-7f4e8a600000 ---p 00000000 00:00 0 
7f4e8a600000-7f4e8dc65000 r--s 00000000 08:07 1073083                    /app/eclipse/plugins/org.eclipse.justj.openjdk.hotspot.jre.full.linux.x86_64_17.0.7.v20230425-1502/jre/lib/modules
7f4e8dd32000-7f4e8dd37000 rw-p 00000000 00:00 0 
7f4e8dd37000-7f4e8de1d000 ---p 00000000 00:00 0 
7f4e8de1d000-7f4e8df1d000 rw-p 00000000 00:00 0 
7f4e8df1d000-7f4e8df2b000 r--p 00000000 08:07 1074584                    /usr/lib/x86_64-linux-gnu/libm.so.6
7f4e8df2b000-7f4e8dfa1000 r-xp 0000e000 08:07 1074584                    /usr/lib/x86_64-linux-gnu/libm.so.6
7f4e8dfa1000-7f4e8dffe000 r--p 00084000 08:07 1074584                    /usr/lib/x86_64-linux-gnu/libm.so.6
7f4e8dffe000-7f4e8dfff000 r--p 000e0000 08:07 1074584                    /usr/lib/x86_64-linux-gnu/libm.so.6
7f4e8dfff000-7f4e8e000000 rw-p 000e1000 08:07 1074584                    /usr/lib/x86_64-linux-gnu/libm.so.6
7f4e8e000000-7f4e8e252000 r--p 00000000 08:07 1073081                    /app/eclipse/plugins/org.eclipse.justj.openjdk.hotspot.jre.full.linux.x86_64_17.0.7.v20230425-1502/jre/lib/server/libjvm.so
7f4e8e252000-7f4e8ef72000 r-xp 00252000 08:07 1073081                    /app/eclipse/plugins/org.eclipse.justj.openjdk.hotspot.jre.full.linux.x86_64_17.0.7.v20230425-1502/jre/lib/server/libjvm.so
7f4e8ef72000-7f4e8f1fe000 r--p 00f72000 08:07 1073081                    /app/eclipse/plugins/org.eclipse.justj.openjdk.hotspot.jre.full.linux.x86_64_17.0.7.v20230425-1502/jre/lib/server/libjvm.so
7f4e8f1fe000-7f4e8f1ff000 ---p 011fe000 08:07 1073081                    /app/eclipse/plugins/org.eclipse.justj.openjdk.hotspot.jre.full.linux.x86_64_17.0.7.v20230425-1502/jre/lib/server/libjvm.so
7f4e8f1ff000-7f4e8f2b8000 r--p 011fe000 08:07 1073081                    /app/eclipse/plugins/org.eclipse.justj.openjdk.hotspot.jre.full.linux.x86_64_17.0.7.v20230425-1502/jre/lib/server/libjvm.so
7f4e8f2b8000-7f4e8f2ed000 rw-p 012b7000 08:07 1073081                    /app/eclipse/plugins/org.eclipse.justj.openjdk.hotspot.jre.full.linux.x86_64_17.0.7.v20230425-1502/jre/lib/server/libjvm.so
7f4e8f2ed000-7f4e8f347000 rw-p 00000000 00:00 0 
7f4e8f34e000-7f4e8f36f000 rw-p 00000000 00:00 0 
7f4e8f36f000-7f4e8f376000 ---p 00000000 00:00 0 
7f4e8f376000-7f4e8f383000 r--p 00000000 08:07 1071383                    /app/eclipse/plugins/org.eclipse.justj.openjdk.hotspot.jre.full.linux.x86_64_17.0.7.v20230425-1502/jre/lib/libjava.so
7f4e8f383000-7f4e8f395000 r-xp 0000d000 08:07 1071383                    /app/eclipse/plugins/org.eclipse.justj.openjdk.hotspot.jre.full.linux.x86_64_17.0.7.v20230425-1502/jre/lib/libjava.so
7f4e8f395000-7f4e8f39b000 r--p 0001f000 08:07 1071383                    /app/eclipse/plugins/org.eclipse.justj.openjdk.hotspot.jre.full.linux.x86_64_17.0.7.v20230425-1502/jre/lib/libjava.so
7f4e8f39b000-7f4e8f39c000 ---p 00025000 08:07 1071383                    /app/eclipse/plugins/org.eclipse.justj.openjdk.hotspot.jre.full.linux.x86_64_17.0.7.v20230425-1502/jre/lib/libjava.so
7f4e8f39c000-7f4e8f39d000 r--p 00025000 08:07 1071383                    /app/eclipse/plugins/org.eclipse.justj.openjdk.hotspot.jre.full.linux.x86_64_17.0.7.v20230425-1502/jre/lib/libjava.so
7f4e8f39d000-7f4e8f39e000 rw-p 00026000 08:07 1071383                    /app/eclipse/plugins/org.eclipse.justj.openjdk.hotspot.jre.full.linux.x86_64_17.0.7.v20230425-1502/jre/lib/libjava.so
7f4e8f39e000-7f4e8f39f000 rw-p 00000000 00:00 0 
7f4e8f39f000-7f4e8f3a2000 r--p 00000000 08:07 427012                     /app/eclipse/plugins/org.eclipse.justj.openjdk.hotspot.jre.full.linux.x86_64_17.0.7.v20230425-1502/jre/lib/libjdwp.so
7f4e8f3a2000-7f4e8f3cf000 r-xp 00003000 08:07 427012                     /app/eclipse/plugins/org.eclipse.justj.openjdk.hotspot.jre.full.linux.x86_64_17.0.7.v20230425-1502/jre/lib/libjdwp.so
7f4e8f3cf000-7f4e8f3dd000 r--p 00030000 08:07 427012                     /app/eclipse/plugins/org.eclipse.justj.openjdk.hotspot.jre.full.linux.x86_64_17.0.7.v20230425-1502/jre/lib/libjdwp.so
7f4e8f3dd000-7f4e8f3de000 r--p 0003d000 08:07 427012                     /app/eclipse/plugins/org.eclipse.justj.openjdk.hotspot.jre.full.linux.x86_64_17.0.7.v20230425-1502/jre/lib/libjdwp.so
7f4e8f3de000-7f4e8f3df000 rw-p 0003e000 08:07 427012                     /app/eclipse/plugins/org.eclipse.justj.openjdk.hotspot.jre.full.linux.x86_64_17.0.7.v20230425-1502/jre/lib/libjdwp.so
7f4e8f3df000-7f4e8f3e0000 rw-p 00000000 00:00 0 
7f4e8f3e0000-7f4e8f3e4000 r--p 00000000 08:07 427431                     /app/eclipse/plugins/org.eclipse.justj.openjdk.hotspot.jre.full.linux.x86_64_17.0.7.v20230425-1502/jre/lib/libjimage.so
7f4e8f3e4000-7f4e8f3f7000 r-xp 00004000 08:07 427431                     /app/eclipse/plugins/org.eclipse.justj.openjdk.hotspot.jre.full.linux.x86_64_17.0.7.v20230425-1502/jre/lib/libjimage.so
7f4e8f3f7000-7f4e8f3fd000 r--p 00017000 08:07 427431                     /app/eclipse/plugins/org.eclipse.justj.openjdk.hotspot.jre.full.linux.x86_64_17.0.7.v20230425-1502/jre/lib/libjimage.so
7f4e8f3fd000-7f4e8f3ff000 r--p 0001c000 08:07 427431                     /app/eclipse/plugins/org.eclipse.justj.openjdk.hotspot.jre.full.linux.x86_64_17.0.7.v20230425-1502/jre/lib/libjimage.so
7f4e8f3ff000-7f4e8f400000 rw-p 0001e000 08:07 427431                     /app/eclipse/plugins/org.eclipse.justj.openjdk.hotspot.jre.full.linux.x86_64_17.0.7.v20230425-1502/jre/lib/libjimage.so
7f4e8f400000-7f4e8f428000 r--p 00000000 08:07 1074638                    /usr/lib/x86_64-linux-gnu/libc.so.6
7f4e8f428000-7f4e8f5a8000 r-xp 00028000 08:07 1074638                    /usr/lib/x86_64-linux-gnu/libc.so.6
7f4e8f5a8000-7f4e8f5fa000 r--p 001a8000 08:07 1074638                    /usr/lib/x86_64-linux-gnu/libc.so.6
7f4e8f5fa000-7f4e8f5fe000 r--p 001f9000 08:07 1074638                    /usr/lib/x86_64-linux-gnu/libc.so.6
7f4e8f5fe000-7f4e8f600000 rw-p 001fd000 08:07 1074638                    /usr/lib/x86_64-linux-gnu/libc.so.6
7f4e8f600000-7f4e8f60d000 rw-p 00000000 00:00 0 
7f4e8f617000-7f4e8f61f000 rw-s 00000000 08:07 2156015                    /tmp/hsperfdata_santhiya/19890
7f4e8f61f000-7f4e8f621000 r--p 00000000 08:07 1072974                    /app/eclipse/plugins/org.eclipse.justj.openjdk.hotspot.jre.full.linux.x86_64_17.0.7.v20230425-1502/jre/lib/libinstrument.so
7f4e8f621000-7f4e8f627000 r-xp 00002000 08:07 1072974                    /app/eclipse/plugins/org.eclipse.justj.openjdk.hotspot.jre.full.linux.x86_64_17.0.7.v20230425-1502/jre/lib/libinstrument.so
7f4e8f627000-7f4e8f62a000 r--p 00008000 08:07 1072974                    /app/eclipse/plugins/org.eclipse.justj.openjdk.hotspot.jre.full.linux.x86_64_17.0.7.v20230425-1502/jre/lib/libinstrument.so
7f4e8f62a000-7f4e8f62b000 r--p 0000a000 08:07 1072974                    /app/eclipse/plugins/org.eclipse.justj.openjdk.hotspot.jre.full.linux.x86_64_17.0.7.v20230425-1502/jre/lib/libinstrument.so
7f4e8f62b000-7f4e8f62c000 rw-p 0000b000 08:07 1072974                    /app/eclipse/plugins/org.eclipse.justj.openjdk.hotspot.jre.full.linux.x86_64_17.0.7.v20230425-1502/jre/lib/libinstrument.so
7f4e8f62c000-7f4e8f62d000 r--p 00000000 08:07 1069619                    /usr/lib/x86_64-linux-gnu/librt.so.1
7f4e8f62d000-7f4e8f62e000 r-xp 00001000 08:07 1069619                    /usr/lib/x86_64-linux-gnu/librt.so.1
7f4e8f62e000-7f4e8f62f000 r--p 00002000 08:07 1069619                    /usr/lib/x86_64-linux-gnu/librt.so.1
7f4e8f62f000-7f4e8f630000 r--p 00002000 08:07 1069619                    /usr/lib/x86_64-linux-gnu/librt.so.1
7f4e8f630000-7f4e8f631000 rw-p 00003000 08:07 1069619                    /usr/lib/x86_64-linux-gnu/librt.so.1
7f4e8f631000-7f4e8f635000 rw-p 00000000 00:00 0 
7f4e8f635000-7f4e8f636000 r--p 00000000 08:07 1070136                    /usr/lib/x86_64-linux-gnu/libdl.so.2
7f4e8f636000-7f4e8f637000 r-xp 00001000 08:07 1070136                    /usr/lib/x86_64-linux-gnu/libdl.so.2
7f4e8f637000-7f4e8f638000 r--p 00002000 08:07 1070136                    /usr/lib/x86_64-linux-gnu/libdl.so.2
7f4e8f638000-7f4e8f639000 r--p 00002000 08:07 1070136                    /usr/lib/x86_64-linux-gnu/libdl.so.2
7f4e8f639000-7f4e8f63a000 rw-p 00003000 08:07 1070136                    /usr/lib/x86_64-linux-gnu/libdl.so.2
7f4e8f63a000-7f4e8f63b000 r--p 00000000 08:07 1074581                    /usr/lib/x86_64-linux-gnu/libpthread.so.0
7f4e8f63b000-7f4e8f63c000 r-xp 00001000 08:07 1074581                    /usr/lib/x86_64-linux-gnu/libpthread.so.0
7f4e8f63c000-7f4e8f63d000 r--p 00002000 08:07 1074581                    /usr/lib/x86_64-linux-gnu/libpthread.so.0
7f4e8f63d000-7f4e8f63e000 r--p 00002000 08:07 1074581                    /usr/lib/x86_64-linux-gnu/libpthread.so.0
7f4e8f63e000-7f4e8f63f000 rw-p 00003000 08:07 1074581                    /usr/lib/x86_64-linux-gnu/libpthread.so.0
7f4e8f63f000-7f4e8f642000 r--p 00000000 08:07 1073046                    /app/eclipse/plugins/org.eclipse.justj.openjdk.hotspot.jre.full.linux.x86_64_17.0.7.v20230425-1502/jre/lib/libjli.so
7f4e8f642000-7f4e8f64c000 r-xp 00003000 08:07 1073046                    /app/eclipse/plugins/org.eclipse.justj.openjdk.hotspot.jre.full.linux.x86_64_17.0.7.v20230425-1502/jre/lib/libjli.so
7f4e8f64c000-7f4e8f64f000 r--p 0000d000 08:07 1073046                    /app/eclipse/plugins/org.eclipse.justj.openjdk.hotspot.jre.full.linux.x86_64_17.0.7.v20230425-1502/jre/lib/libjli.so
7f4e8f64f000-7f4e8f650000 ---p 00010000 08:07 1073046                    /app/eclipse/plugins/org.eclipse.justj.openjdk.hotspot.jre.full.linux.x86_64_17.0.7.v20230425-1502/jre/lib/libjli.so
7f4e8f650000-7f4e8f651000 r--p 00010000 08:07 1073046                    /app/eclipse/plugins/org.eclipse.justj.openjdk.hotspot.jre.full.linux.x86_64_17.0.7.v20230425-1502/jre/lib/libjli.so
7f4e8f651000-7f4e8f652000 rw-p 00011000 08:07 1073046                    /app/eclipse/plugins/org.eclipse.justj.openjdk.hotspot.jre.full.linux.x86_64_17.0.7.v20230425-1502/jre/lib/libjli.so
7f4e8f652000-7f4e8f655000 r--p 00000000 08:07 1072292                    /usr/lib/x86_64-linux-gnu/libz.so.1.2.13
7f4e8f655000-7f4e8f664000 r-xp 00003000 08:07 1072292                    /usr/lib/x86_64-linux-gnu/libz.so.1.2.13
7f4e8f664000-7f4e8f66a000 r--p 00012000 08:07 1072292                    /usr/lib/x86_64-linux-gnu/libz.so.1.2.13
7f4e8f66a000-7f4e8f66b000 ---p 00018000 08:07 1072292                    /usr/lib/x86_64-linux-gnu/libz.so.1.2.13
7f4e8f66b000-7f4e8f66c000 r--p 00018000 08:07 1072292                    /usr/lib/x86_64-linux-gnu/libz.so.1.2.13
7f4e8f66c000-7f4e8f66d000 rw-p 00019000 08:07 1072292                    /usr/lib/x86_64-linux-gnu/libz.so.1.2.13
7f4e8f672000-7f4e8f673000 ---p 00000000 00:00 0 
7f4e8f673000-7f4e8f674000 r--p 00000000 00:00 0 
7f4e8f674000-7f4e8f675000 ---p 00000000 00:00 0 
7f4e8f675000-7f4e8f677000 rw-p 00000000 00:00 0 
7f4e8f677000-7f4e8f679000 r--p 00000000 08:07 1071780                    /usr/lib/x86_64-linux-gnu/ld-linux-x86-64.so.2
7f4e8f679000-7f4e8f6a1000 r-xp 00002000 08:07 1071780                    /usr/lib/x86_64-linux-gnu/ld-linux-x86-64.so.2
7f4e8f6a1000-7f4e8f6ac000 r--p 0002a000 08:07 1071780                    /usr/lib/x86_64-linux-gnu/ld-linux-x86-64.so.2
7f4e8f6ac000-7f4e8f6ae000 r--p 00034000 08:07 1071780                    /usr/lib/x86_64-linux-gnu/ld-linux-x86-64.so.2
7f4e8f6ae000-7f4e8f6b0000 rw-p 00036000 08:07 1071780                    /usr/lib/x86_64-linux-gnu/ld-linux-x86-64.so.2
7ffcefc9c000-7ffcefca0000 ---p 00000000 00:00 0 
7ffcf047b000-7ffcf049c000 rw-p 00000000 00:00 0                          [stack]
7ffcf054c000-7ffcf0550000 r--p 00000000 00:00 0                          [vvar]
7ffcf0550000-7ffcf0552000 r-xp 00000000 00:00 0                          [vdso]
ffffffffff600000-ffffffffff601000 --xp 00000000 00:00 0                  [vsyscall]


VM Arguments:
jvm_args: -XX:+ShowCodeDetailsInExceptionMessages -agentlib:jdwp=transport=dt_socket,suspend=y,address=localhost:35333 -javaagent:/home/santhiya/.var/app/org.eclipse.Java/eclipse/configuration/org.eclipse.osgi/599/0/.cp/lib/javaagent-shaded.jar -Dfile.encoding=UTF-8 --module-path=/home/santhiya/eclipse-workspace/Assignmentlevel1/bin -Djdk.module.main=Assignmentlevel1 
java_command: Assignmentlevel1/intrviewprogram.Programs
java_class_path (initial): <not set>
Launcher Type: SUN_STANDARD

[Global flags]
     intx CICompilerCount                          = 3                                         {product} {ergonomic}
     uint ConcGCThreads                            = 1                                         {product} {ergonomic}
     uint G1ConcRefinementThreads                  = 4                                         {product} {ergonomic}
   size_t G1HeapRegionSize                         = 1048576                                   {product} {ergonomic}
    uintx GCDrainStackTargetSize                   = 64                                        {product} {ergonomic}
   size_t InitialHeapSize                          = 56623104                                  {product} {ergonomic}
   size_t MarkStackSize                            = 4194304                                   {product} {ergonomic}
   size_t MaxHeapSize                              = 882900992                                 {product} {ergonomic}
   size_t MinHeapDeltaBytes                        = 1048576                                   {product} {ergonomic}
   size_t MinHeapSize                              = 8388608                                   {product} {ergonomic}
    uintx NonNMethodCodeHeapSize                   = 5832780                                {pd product} {ergonomic}
    uintx NonProfiledCodeHeapSize                  = 122912730                              {pd product} {ergonomic}
    uintx ProfiledCodeHeapSize                     = 122912730                              {pd product} {ergonomic}
    uintx ReservedCodeCacheSize                    = 251658240                              {pd product} {ergonomic}
     bool SegmentedCodeCache                       = true                                      {product} {ergonomic}
     bool ShowCodeDetailsInExceptionMessages       = true                                   {manageable} {command line}
   size_t SoftMaxHeapSize                          = 882900992                              {manageable} {ergonomic}
     bool UseCompressedClassPointers               = true                           {product lp64_product} {ergonomic}
     bool UseCompressedOops                        = true                           {product lp64_product} {ergonomic}
     bool UseG1GC                                  = true                                      {product} {ergonomic}

Logging:
Log output configuration:
 #0: stdout all=warning uptime,level,tags
 #1: stderr all=off uptime,level,tags

Environment Variables:
PATH=/app/bin:/usr/bin
LD_LIBRARY_PATH=
SHELL=/bin/sh
DISPLAY=:99.0
LANG=en_US.UTF-8

Active Locale:
LC_ALL=C
LC_COLLATE=C
LC_CTYPE=C
LC_MESSAGES=C
LC_MONETARY=C
LC_NUMERIC=C
LC_TIME=C

Signal Handlers:
   SIGSEGV: 0x00007f4e8eee2250 in libjvm.so+15606352, mask=11100100010111111101111111111110, flags=SA_RESTART|SA_SIGINFO, unblocked
    SIGBUS: 0x00007f4e8eee2250 in libjvm.so+15606352, mask=11100100010111111101111111111110, flags=SA_RESTART|SA_SIGINFO, unblocked
    SIGFPE: 0x00007f4e8eee2250 in libjvm.so+15606352, mask=11100100010111111101111111111110, flags=SA_RESTART|SA_SIGINFO, unblocked
   SIGPIPE: 0x00007f4e8ed884b0 in libjvm.so+14189744, mask=11100100010111111101111111111110, flags=SA_RESTART|SA_SIGINFO, blocked
   SIGXFSZ: 0x00007f4e8ed884b0 in libjvm.so+14189744, mask=11100100010111111101111111111110, flags=SA_RESTART|SA_SIGINFO, blocked
    SIGILL: 0x00007f4e8eee2250 in libjvm.so+15606352, mask=11100100010111111101111111111110, flags=SA_RESTART|SA_SIGINFO, unblocked
   SIGUSR2: 0x00007f4e8ed87b50 in libjvm.so+14187344, mask=00100000000000000000000000000000, flags=SA_RESTART|SA_SIGINFO, blocked
    SIGHUP: SIG_DFL, mask=00000000000000000000000000000000, flags=none, blocked
    SIGINT: SIG_DFL, mask=00000000000000000000000000000000, flags=none, blocked
   SIGTERM: SIG_DFL, mask=00000000000000000000000000000000, flags=none, blocked
   SIGQUIT: 0x00007f4e8ed87a80 in libjvm.so+14187136, mask=11100100010111111101111111111110, flags=SA_RESTART|SA_SIGINFO, blocked
   SIGTRAP: 0x00007f4e8eee2250 in libjvm.so+15606352, mask=11100100010111111101111111111110, flags=SA_RESTART|SA_SIGINFO, unblocked


---------------  S Y S T E M  ---------------

OS:
NAME=GNOME
VERSION="44 (Flatpak runtime)"
VERSION_ID=44
ID=org.gnome.Platform
PRETTY_NAME="GNOME 44 (Flatpak runtime)"
BUG_REPORT_URL="https://gitlab.gnome.org/GNOME/gnome-build-meta/-/issues/new"
HOME_URL="https://www.gnome.org/"
uname: Linux 6.2.0-26-generic #26~22.04.1-Ubuntu SMP PREEMPT_DYNAMIC Thu Jul 13 16:27:29 UTC 2 x86_64
OS uptime: 0 days 1:14 hours
libc: glibc 2.35 NPTL 2.35 
rlimit (soft/hard): STACK 8192k/infinity , CORE 0k/infinity , NPROC 12884/12884 , NOFILE 1048576/1048576 , AS infinity/infinity , CPU infinity/infinity , DATA infinity/infinity , FSIZE infinity/infinity , MEMLOCK 431092k/431092k
load average: 19.93 10.56 4.37

/proc/meminfo:
MemTotal:        3448736 kB
MemFree:          258992 kB
MemAvailable:     509292 kB
Buffers:           16628 kB
Cached:           424968 kB
SwapCached:         4816 kB
Active:           413696 kB
Inactive:        2357200 kB
Active(anon):     238916 kB
Inactive(anon):  2111352 kB
Active(file):     174780 kB
Inactive(file):   245848 kB
Unevictable:          96 kB
Mlocked:              96 kB
SwapTotal:       2097148 kB
SwapFree:        1864356 kB
Zswap:                 0 kB
Zswapped:              0 kB
Dirty:              1176 kB
Writeback:             0 kB
AnonPages:       2325944 kB
Mapped:           231672 kB
Shmem:             20928 kB
KReclaimable:      60096 kB
Slab:             172772 kB
SReclaimable:      60096 kB
SUnreclaim:       112676 kB
KernelStack:       68856 kB
PageTables:        33952 kB
SecPageTables:         0 kB
NFS_Unstable:          0 kB
Bounce:                0 kB
WritebackTmp:          0 kB
CommitLimit:     3821516 kB
Committed_AS:   11350808 kB
VmallocTotal:   34359738367 kB
VmallocUsed:      126684 kB
VmallocChunk:          0 kB
Percpu:             2384 kB
HardwareCorrupted:     0 kB
AnonHugePages:         0 kB
ShmemHugePages:        0 kB
ShmemPmdMapped:        0 kB
FileHugePages:         0 kB
FilePmdMapped:         0 kB
HugePages_Total:       0
HugePages_Free:        0
HugePages_Rsvd:        0
HugePages_Surp:        0
Hugepagesize:       2048 kB
Hugetlb:               0 kB
DirectMap4k:      256768 kB
DirectMap2M:     3377152 kB
DirectMap1G:           0 kB

/sys/kernel/mm/transparent_hugepage/enabled: <Not Available>
/sys/kernel/mm/transparent_hugepage/defrag (defrag/compaction efforts parameter): <Not Available>

Process Memory:
Virtual Size: 1228672K (peak: 1228672K)
Resident Set Size: 14976K (peak: 14976K) (anon: 1920K, file: 13056K, shmem: 0K)
Swapped out: 0K
C-Heap outstanding allocations: 4803K, retained: 24K
glibc malloc tunables: (default)

/proc/sys/kernel/threads-max (system-wide limit on the number of threads): 25768
/proc/sys/vm/max_map_count (maximum number of memory map areas a process may have): 65530
/proc/sys/kernel/pid_max (system-wide limit on number of process identifiers): 4194304

container information not found.
Steal ticks since vm start: 0
Steal ticks percentage since vm start:  0.000

CPU: total 4 (initial active 4) (4 cores per cpu, 1 threads per core) family 22 model 48 stepping 1 microcode 0x7030105, cx8, cmov, fxsr, mmx, 3dnowpref, sse, sse2, sse3, ssse3, sse4a, sse4.1, sse4.2, popcnt, lzcnt, tsc, tscinvbit, avx, aes, clmul, bmi1, vzeroupper, clflush
CPU Model and flags from /proc/cpuinfo:
model name	: AMD PRO A4-3350B APU with Radeon R4 Graphics
flags		: fpu vme de pse tsc msr pae mce cx8 apic sep mtrr pge mca cmov pat pse36 clflush mmx fxsr sse sse2 ht syscall nx mmxext fxsr_opt pdpe1gb rdtscp lm constant_tsc rep_good acc_power nopl nonstop_tsc cpuid extd_apicid aperfmperf pni pclmulqdq monitor ssse3 cx16 sse4_1 sse4_2 movbe popcnt aes xsave avx f16c lahf_lm cmp_legacy svm extapic cr8_legacy abm sse4a misalignsse 3dnowprefetch osvw ibs skinit wdt topoext perfctr_nb bpext ptsc perfctr_llc cpb hw_pstate ssbd vmmcall bmi1 xsaveopt arat npt lbrv svm_lock nrip_save tsc_scale flushbyasid decodeassists pausefilter pfthreshold overflow_recov

Online cpus: 0-3
Offline cpus: 
BIOS frequency limitation: 2000000
Frequency switch latency (ns): 4000
Available cpu frequencies: 2000000 1800000 1600000 1400000 1200000 1000000 
Current governor: schedutil
Core performance/turbo boost: 1

Memory: 4k page, physical 3448736k(258992k free), swap 2097148k(1864356k free)
Page Sizes: 4k

vm_info: OpenJDK 64-Bit Server VM (17.0.7+7) for linux-amd64 JRE (17.0.7+7), built on Apr 18 2023 00:00:00 by "temurin" with gcc 10.3.0

END.
