#
# There is insufficient memory for the Java Runtime Environment to continue.
# Cannot create worker GC thread. Out of system resources.
# Possible reasons:
#   The system is out of physical RAM or swap space
#   The process is running with CompressedOops enabled, and the Java Heap may be blocking the growth of the native heap
# Possible solutions:
#   Reduce memory load on the system
#   Increase physical memory or swap space
#   Check if swap backing store is full
#   Decrease Java heap size (-Xmx/-Xms)
#   Decrease number of Java threads
#   Decrease Java thread stack sizes (-Xss)
#   Set larger code cache with -XX:ReservedCodeCacheSize=
#   JVM is running with Unscaled Compressed Oops mode in which the Java heap is
#     placed in the first 4GB address space. The Java Heap base address is the
#     maximum limit for the native heap growth. Please use -XX:HeapBaseMinAddress
#     to set the Java Heap base and to place the Java Heap above 4GB virtual address.
# This output file may be truncated or incomplete.
#
#  Out of Memory Error (workerManager.hpp:87), pid=19709, tid=19713
#
# JRE version:  (17.0.7+7) (build )
# Java VM: OpenJDK 64-Bit Server VM (17.0.7+7, mixed mode, sharing, tiered, compressed oops, compressed class ptrs, g1 gc, linux-amd64)
# Core dump will be written. Default location: Core dumps may be processed with "/lib/systemd/systemd-coredump %P %u %g %s %t 9223372036854775808 %h" (or dumping to /home/santhiya/eclipse-workspace/Assignmentlevel1/core.19709)
#

---------------  S U M M A R Y ------------

Command Line: -XX:+ShowCodeDetailsInExceptionMessages -agentlib:jdwp=transport=dt_socket,suspend=y,address=localhost:46693 -javaagent:/home/santhiya/.var/app/org.eclipse.Java/eclipse/configuration/org.eclipse.osgi/599/0/.cp/lib/javaagent-shaded.jar -Dfile.encoding=UTF-8 --module-path=/home/santhiya/eclipse-workspace/Assignmentlevel1/bin -Djdk.module.main=Assignmentlevel1 Assignmentlevel1/intrviewprogram.Programs

Host: AMD PRO A4-3350B APU with Radeon R4 Graphics, 4 cores, 3G, GNOME 44 (Flatpak runtime)
Time: Sat Aug 26 15:26:47 2023 IST elapsed time: 0.016013 seconds (0d 0h 0m 0s)

---------------  T H R E A D  ---------------

Current thread (0x00007f5308027ea0):  JavaThread "Unknown thread" [_thread_in_vm, id=19713, stack(0x00007f530cc1d000,0x00007f530cd1d000)]

Stack: [0x00007f530cc1d000,0x00007f530cd1d000],  sp=0x00007f530cd1b5a0,  free space=1017k
Native frames: (J=compiled Java code, j=interpreted, Vv=VM code, C=native code)
V  [libjvm.so+0xee1661]
V  [libjvm.so+0xee222d]
V  [libjvm.so+0x608ecc]
V  [libjvm.so+0xf14fbf]
V  [libjvm.so+0xf1515a]
V  [libjvm.so+0x6ef7f1]
V  [libjvm.so+0xe90462]
V  [libjvm.so+0x7fb0f7]
V  [libjvm.so+0xe678a7]
V  [libjvm.so+0x8b99a2]  JNI_CreateJavaVM+0x52
C  [libjli.so+0x4a0f]
C  [libjli.so+0x8d09]
C  [libc.so.6+0x8f1da]


---------------  P R O C E S S  ---------------

Threads class SMR info:
_java_thread_list=0x00007f530e13c9c0, length=0, elements={
}

Java Threads: ( => current thread )

Other Threads:

[error occurred during error reporting (printing all threads), id 0xb, SIGSEGV (0xb) at pc=0x00007f530d4fc170]

VM state: not at safepoint (not fully initialized)

VM Mutex/Monitor currently owned by a thread:  ([mutex/lock_event])
[0x00007f53080253e0] Heap_lock - owner thread: 0x00007f5308027ea0

Heap address: 0x00000000cb600000, size: 842 MB, Compressed Oops mode: 32-bit

CDS archive(s) mapped at: [0x0000000000000000-0x0000000000000000-0x0000000000000000), size 0, SharedBaseAddress: 0x0000000800000000, ArchiveRelocationMode: 0.
Narrow klass base: 0x0000000000000000, Narrow klass shift: 0, Narrow klass range: 0x0

GC Precious Log:
<Empty>

Heap:
 garbage-first heap   total 0K, used 0K [0x00000000cb600000, 0x0000000100000000)
  region size 1024K, 0 young (0K), 0 survivors (0K)

[error occurred during error reporting (printing heap information), id 0xb, SIGSEGV (0xb) at pc=0x00007f530dabdb8a]

GC Heap History (0 events):
No events

Dll operation events (1 events):
Event: 0.013 Loaded shared library /app/eclipse/plugins/org.eclipse.justj.openjdk.hotspot.jre.full.linux.x86_64_17.0.7.v20230425-1502/jre/lib/libjava.so

Deoptimization events (0 events):
No events

Classes unloaded (0 events):
No events

Classes redefined (0 events):
No events

Internal exceptions (0 events):
No events

VM Operations (0 events):
No events

Events (1 events):
Event: 0.012 Protecting memory [0x00007f530cc1d000,0x00007f530cc21000] with protection modes 0


Dynamic libraries:
cb600000-100000000 ---p 00000000 00:00 0 
5622ade3a000-5622ade3b000 r--p 00000000 08:07 1070959                    /app/eclipse/plugins/org.eclipse.justj.openjdk.hotspot.jre.full.linux.x86_64_17.0.7.v20230425-1502/jre/bin/java
5622ade3b000-5622ade3c000 r-xp 00001000 08:07 1070959                    /app/eclipse/plugins/org.eclipse.justj.openjdk.hotspot.jre.full.linux.x86_64_17.0.7.v20230425-1502/jre/bin/java
5622ade3c000-5622ade3d000 r--p 00002000 08:07 1070959                    /app/eclipse/plugins/org.eclipse.justj.openjdk.hotspot.jre.full.linux.x86_64_17.0.7.v20230425-1502/jre/bin/java
5622ade3d000-5622ade3e000 r--p 00002000 08:07 1070959                    /app/eclipse/plugins/org.eclipse.justj.openjdk.hotspot.jre.full.linux.x86_64_17.0.7.v20230425-1502/jre/bin/java
5622ade3e000-5622ade3f000 rw-p 00003000 08:07 1070959                    /app/eclipse/plugins/org.eclipse.justj.openjdk.hotspot.jre.full.linux.x86_64_17.0.7.v20230425-1502/jre/bin/java
5622ae88a000-5622ae8d2000 rw-p 00000000 00:00 0                          [heap]
7f52f3db0000-7f52f5800000 ---p 00000000 00:00 0 
7f52f5800000-7f52f5a70000 rwxp 00000000 00:00 0 
7f52f5a70000-7f52fcd37000 ---p 00000000 00:00 0 
7f52fcd37000-7f52fcfa7000 rwxp 00000000 00:00 0 
7f52fcfa7000-7f52fd2c8000 ---p 00000000 00:00 0 
7f52fd2c8000-7f52fd538000 rwxp 00000000 00:00 0 
7f52fd538000-7f5304800000 ---p 00000000 00:00 0 
7f5304800000-7f5307e65000 r--s 00000000 08:07 1073083                    /app/eclipse/plugins/org.eclipse.justj.openjdk.hotspot.jre.full.linux.x86_64_17.0.7.v20230425-1502/jre/lib/modules
7f5308000000-7f5308085000 rw-p 00000000 00:00 0 
7f5308085000-7f530c000000 ---p 00000000 00:00 0 
7f530c052000-7f530c053000 ---p 00000000 00:00 0 
7f530c053000-7f530c154000 rw-p 00000000 00:00 0 
7f530c154000-7f530c643000 ---p 00000000 00:00 0 
7f530c643000-7f530ca4c000 rw-p 00000000 00:00 0 
7f530ca4c000-7f530cb32000 ---p 00000000 00:00 0 
7f530cb32000-7f530cb37000 rw-p 00000000 00:00 0 
7f530cb37000-7f530cc1d000 ---p 00000000 00:00 0 
7f530cc1d000-7f530cc21000 ---p 00000000 00:00 0 
7f530cc21000-7f530cd1d000 rw-p 00000000 00:00 0 
7f530cd1d000-7f530cd2b000 r--p 00000000 08:07 1074584                    /usr/lib/x86_64-linux-gnu/libm.so.6
7f530cd2b000-7f530cda1000 r-xp 0000e000 08:07 1074584                    /usr/lib/x86_64-linux-gnu/libm.so.6
7f530cda1000-7f530cdfe000 r--p 00084000 08:07 1074584                    /usr/lib/x86_64-linux-gnu/libm.so.6
7f530cdfe000-7f530cdff000 r--p 000e0000 08:07 1074584                    /usr/lib/x86_64-linux-gnu/libm.so.6
7f530cdff000-7f530ce00000 rw-p 000e1000 08:07 1074584                    /usr/lib/x86_64-linux-gnu/libm.so.6
7f530ce00000-7f530d052000 r--p 00000000 08:07 1073081                    /app/eclipse/plugins/org.eclipse.justj.openjdk.hotspot.jre.full.linux.x86_64_17.0.7.v20230425-1502/jre/lib/server/libjvm.so
7f530d052000-7f530dd72000 r-xp 00252000 08:07 1073081                    /app/eclipse/plugins/org.eclipse.justj.openjdk.hotspot.jre.full.linux.x86_64_17.0.7.v20230425-1502/jre/lib/server/libjvm.so
7f530dd72000-7f530dffe000 r--p 00f72000 08:07 1073081                    /app/eclipse/plugins/org.eclipse.justj.openjdk.hotspot.jre.full.linux.x86_64_17.0.7.v20230425-1502/jre/lib/server/libjvm.so
7f530dffe000-7f530dfff000 ---p 011fe000 08:07 1073081                    /app/eclipse/plugins/org.eclipse.justj.openjdk.hotspot.jre.full.linux.x86_64_17.0.7.v20230425-1502/jre/lib/server/libjvm.so
7f530dfff000-7f530e0b8000 r--p 011fe000 08:07 1073081                    /app/eclipse/plugins/org.eclipse.justj.openjdk.hotspot.jre.full.linux.x86_64_17.0.7.v20230425-1502/jre/lib/server/libjvm.so
7f530e0b8000-7f530e0ed000 rw-p 012b7000 08:07 1073081                    /app/eclipse/plugins/org.eclipse.justj.openjdk.hotspot.jre.full.linux.x86_64_17.0.7.v20230425-1502/jre/lib/server/libjvm.so
7f530e0ed000-7f530e147000 rw-p 00000000 00:00 0 
7f530e159000-7f530e17a000 rw-p 00000000 00:00 0 
7f530e17a000-7f530e181000 ---p 00000000 00:00 0 
7f530e181000-7f530e189000 rw-s 00000000 08:07 2156015                    /tmp/hsperfdata_santhiya/19709
7f530e189000-7f530e18b000 r--p 00000000 08:07 1072974                    /app/eclipse/plugins/org.eclipse.justj.openjdk.hotspot.jre.full.linux.x86_64_17.0.7.v20230425-1502/jre/lib/libinstrument.so
7f530e18b000-7f530e191000 r-xp 00002000 08:07 1072974                    /app/eclipse/plugins/org.eclipse.justj.openjdk.hotspot.jre.full.linux.x86_64_17.0.7.v20230425-1502/jre/lib/libinstrument.so
7f530e191000-7f530e194000 r--p 00008000 08:07 1072974                    /app/eclipse/plugins/org.eclipse.justj.openjdk.hotspot.jre.full.linux.x86_64_17.0.7.v20230425-1502/jre/lib/libinstrument.so
7f530e194000-7f530e195000 r--p 0000a000 08:07 1072974                    /app/eclipse/plugins/org.eclipse.justj.openjdk.hotspot.jre.full.linux.x86_64_17.0.7.v20230425-1502/jre/lib/libinstrument.so
7f530e195000-7f530e196000 rw-p 0000b000 08:07 1072974                    /app/eclipse/plugins/org.eclipse.justj.openjdk.hotspot.jre.full.linux.x86_64_17.0.7.v20230425-1502/jre/lib/libinstrument.so
7f530e196000-7f530e1a3000 r--p 00000000 08:07 1071383                    /app/eclipse/plugins/org.eclipse.justj.openjdk.hotspot.jre.full.linux.x86_64_17.0.7.v20230425-1502/jre/lib/libjava.so
7f530e1a3000-7f530e1b5000 r-xp 0000d000 08:07 1071383                    /app/eclipse/plugins/org.eclipse.justj.openjdk.hotspot.jre.full.linux.x86_64_17.0.7.v20230425-1502/jre/lib/libjava.so
7f530e1b5000-7f530e1bb000 r--p 0001f000 08:07 1071383                    /app/eclipse/plugins/org.eclipse.justj.openjdk.hotspot.jre.full.linux.x86_64_17.0.7.v20230425-1502/jre/lib/libjava.so
7f530e1bb000-7f530e1bc000 ---p 00025000 08:07 1071383                    /app/eclipse/plugins/org.eclipse.justj.openjdk.hotspot.jre.full.linux.x86_64_17.0.7.v20230425-1502/jre/lib/libjava.so
7f530e1bc000-7f530e1bd000 r--p 00025000 08:07 1071383                    /app/eclipse/plugins/org.eclipse.justj.openjdk.hotspot.jre.full.linux.x86_64_17.0.7.v20230425-1502/jre/lib/libjava.so
7f530e1bd000-7f530e1be000 rw-p 00026000 08:07 1071383                    /app/eclipse/plugins/org.eclipse.justj.openjdk.hotspot.jre.full.linux.x86_64_17.0.7.v20230425-1502/jre/lib/libjava.so
7f530e1be000-7f530e1bf000 rw-p 00000000 00:00 0 
7f530e1bf000-7f530e1c2000 r--p 00000000 08:07 427012                     /app/eclipse/plugins/org.eclipse.justj.openjdk.hotspot.jre.full.linux.x86_64_17.0.7.v20230425-1502/jre/lib/libjdwp.so
7f530e1c2000-7f530e1ef000 r-xp 00003000 08:07 427012                     /app/eclipse/plugins/org.eclipse.justj.openjdk.hotspot.jre.full.linux.x86_64_17.0.7.v20230425-1502/jre/lib/libjdwp.so
7f530e1ef000-7f530e1fd000 r--p 00030000 08:07 427012                     /app/eclipse/plugins/org.eclipse.justj.openjdk.hotspot.jre.full.linux.x86_64_17.0.7.v20230425-1502/jre/lib/libjdwp.so
7f530e1fd000-7f530e1fe000 r--p 0003d000 08:07 427012                     /app/eclipse/plugins/org.eclipse.justj.openjdk.hotspot.jre.full.linux.x86_64_17.0.7.v20230425-1502/jre/lib/libjdwp.so
7f530e1fe000-7f530e1ff000 rw-p 0003e000 08:07 427012                     /app/eclipse/plugins/org.eclipse.justj.openjdk.hotspot.jre.full.linux.x86_64_17.0.7.v20230425-1502/jre/lib/libjdwp.so
7f530e1ff000-7f530e200000 rw-p 00000000 00:00 0 
7f530e200000-7f530e228000 r--p 00000000 08:07 1074638                    /usr/lib/x86_64-linux-gnu/libc.so.6
7f530e228000-7f530e3a8000 r-xp 00028000 08:07 1074638                    /usr/lib/x86_64-linux-gnu/libc.so.6
7f530e3a8000-7f530e3fa000 r--p 001a8000 08:07 1074638                    /usr/lib/x86_64-linux-gnu/libc.so.6
7f530e3fa000-7f530e3fe000 r--p 001f9000 08:07 1074638                    /usr/lib/x86_64-linux-gnu/libc.so.6
7f530e3fe000-7f530e400000 rw-p 001fd000 08:07 1074638                    /usr/lib/x86_64-linux-gnu/libc.so.6
7f530e400000-7f530e40d000 rw-p 00000000 00:00 0 
7f530e410000-7f530e414000 r--p 00000000 08:07 427431                     /app/eclipse/plugins/org.eclipse.justj.openjdk.hotspot.jre.full.linux.x86_64_17.0.7.v20230425-1502/jre/lib/libjimage.so
7f530e414000-7f530e427000 r-xp 00004000 08:07 427431                     /app/eclipse/plugins/org.eclipse.justj.openjdk.hotspot.jre.full.linux.x86_64_17.0.7.v20230425-1502/jre/lib/libjimage.so
7f530e427000-7f530e42d000 r--p 00017000 08:07 427431                     /app/eclipse/plugins/org.eclipse.justj.openjdk.hotspot.jre.full.linux.x86_64_17.0.7.v20230425-1502/jre/lib/libjimage.so
7f530e42d000-7f530e42f000 r--p 0001c000 08:07 427431                     /app/eclipse/plugins/org.eclipse.justj.openjdk.hotspot.jre.full.linux.x86_64_17.0.7.v20230425-1502/jre/lib/libjimage.so
7f530e42f000-7f530e430000 rw-p 0001e000 08:07 427431                     /app/eclipse/plugins/org.eclipse.justj.openjdk.hotspot.jre.full.linux.x86_64_17.0.7.v20230425-1502/jre/lib/libjimage.so
7f530e430000-7f530e431000 r--p 00000000 08:07 1069619                    /usr/lib/x86_64-linux-gnu/librt.so.1
7f530e431000-7f530e432000 r-xp 00001000 08:07 1069619                    /usr/lib/x86_64-linux-gnu/librt.so.1
7f530e432000-7f530e433000 r--p 00002000 08:07 1069619                    /usr/lib/x86_64-linux-gnu/librt.so.1
7f530e433000-7f530e434000 r--p 00002000 08:07 1069619                    /usr/lib/x86_64-linux-gnu/librt.so.1
7f530e434000-7f530e435000 rw-p 00003000 08:07 1069619                    /usr/lib/x86_64-linux-gnu/librt.so.1
7f530e435000-7f530e439000 rw-p 00000000 00:00 0 
7f530e439000-7f530e43a000 r--p 00000000 08:07 1070136                    /usr/lib/x86_64-linux-gnu/libdl.so.2
7f530e43a000-7f530e43b000 r-xp 00001000 08:07 1070136                    /usr/lib/x86_64-linux-gnu/libdl.so.2
7f530e43b000-7f530e43c000 r--p 00002000 08:07 1070136                    /usr/lib/x86_64-linux-gnu/libdl.so.2
7f530e43c000-7f530e43d000 r--p 00002000 08:07 1070136                    /usr/lib/x86_64-linux-gnu/libdl.so.2
7f530e43d000-7f530e43e000 rw-p 00003000 08:07 1070136                    /usr/lib/x86_64-linux-gnu/libdl.so.2
7f530e43e000-7f530e43f000 r--p 00000000 08:07 1074581                    /usr/lib/x86_64-linux-gnu/libpthread.so.0
7f530e43f000-7f530e440000 r-xp 00001000 08:07 1074581                    /usr/lib/x86_64-linux-gnu/libpthread.so.0
7f530e440000-7f530e441000 r--p 00002000 08:07 1074581                    /usr/lib/x86_64-linux-gnu/libpthread.so.0
7f530e441000-7f530e442000 r--p 00002000 08:07 1074581                    /usr/lib/x86_64-linux-gnu/libpthread.so.0
7f530e442000-7f530e443000 rw-p 00003000 08:07 1074581                    /usr/lib/x86_64-linux-gnu/libpthread.so.0
7f530e443000-7f530e446000 r--p 00000000 08:07 1073046                    /app/eclipse/plugins/org.eclipse.justj.openjdk.hotspot.jre.full.linux.x86_64_17.0.7.v20230425-1502/jre/lib/libjli.so
7f530e446000-7f530e450000 r-xp 00003000 08:07 1073046                    /app/eclipse/plugins/org.eclipse.justj.openjdk.hotspot.jre.full.linux.x86_64_17.0.7.v20230425-1502/jre/lib/libjli.so
7f530e450000-7f530e453000 r--p 0000d000 08:07 1073046                    /app/eclipse/plugins/org.eclipse.justj.openjdk.hotspot.jre.full.linux.x86_64_17.0.7.v20230425-1502/jre/lib/libjli.so
7f530e453000-7f530e454000 ---p 00010000 08:07 1073046                    /app/eclipse/plugins/org.eclipse.justj.openjdk.hotspot.jre.full.linux.x86_64_17.0.7.v20230425-1502/jre/lib/libjli.so
7f530e454000-7f530e455000 r--p 00010000 08:07 1073046                    /app/eclipse/plugins/org.eclipse.justj.openjdk.hotspot.jre.full.linux.x86_64_17.0.7.v20230425-1502/jre/lib/libjli.so
7f530e455000-7f530e456000 rw-p 00011000 08:07 1073046                    /app/eclipse/plugins/org.eclipse.justj.openjdk.hotspot.jre.full.linux.x86_64_17.0.7.v20230425-1502/jre/lib/libjli.so
7f530e456000-7f530e459000 r--p 00000000 08:07 1072292                    /usr/lib/x86_64-linux-gnu/libz.so.1.2.13
7f530e459000-7f530e468000 r-xp 00003000 08:07 1072292                    /usr/lib/x86_64-linux-gnu/libz.so.1.2.13
7f530e468000-7f530e46e000 r--p 00012000 08:07 1072292                    /usr/lib/x86_64-linux-gnu/libz.so.1.2.13
7f530e46e000-7f530e46f000 ---p 00018000 08:07 1072292                    /usr/lib/x86_64-linux-gnu/libz.so.1.2.13
7f530e46f000-7f530e470000 r--p 00018000 08:07 1072292                    /usr/lib/x86_64-linux-gnu/libz.so.1.2.13
7f530e470000-7f530e471000 rw-p 00019000 08:07 1072292                    /usr/lib/x86_64-linux-gnu/libz.so.1.2.13
7f530e476000-7f530e477000 ---p 00000000 00:00 0 
7f530e477000-7f530e478000 r--p 00000000 00:00 0 
7f530e478000-7f530e479000 ---p 00000000 00:00 0 
7f530e479000-7f530e47b000 rw-p 00000000 00:00 0 
7f530e47b000-7f530e47d000 r--p 00000000 08:07 1071780                    /usr/lib/x86_64-linux-gnu/ld-linux-x86-64.so.2
7f530e47d000-7f530e4a5000 r-xp 00002000 08:07 1071780                    /usr/lib/x86_64-linux-gnu/ld-linux-x86-64.so.2
7f530e4a5000-7f530e4b0000 r--p 0002a000 08:07 1071780                    /usr/lib/x86_64-linux-gnu/ld-linux-x86-64.so.2
7f530e4b0000-7f530e4b2000 r--p 00034000 08:07 1071780                    /usr/lib/x86_64-linux-gnu/ld-linux-x86-64.so.2
7f530e4b2000-7f530e4b4000 rw-p 00036000 08:07 1071780                    /usr/lib/x86_64-linux-gnu/ld-linux-x86-64.so.2
7ffc07f21000-7ffc07f42000 rw-p 00000000 00:00 0                          [stack]
7ffc07fd9000-7ffc07fdd000 r--p 00000000 00:00 0                          [vvar]
7ffc07fdd000-7ffc07fdf000 r-xp 00000000 00:00 0                          [vdso]
ffffffffff600000-ffffffffff601000 --xp 00000000 00:00 0                  [vsyscall]


VM Arguments:
jvm_args: -XX:+ShowCodeDetailsInExceptionMessages -agentlib:jdwp=transport=dt_socket,suspend=y,address=localhost:46693 -javaagent:/home/santhiya/.var/app/org.eclipse.Java/eclipse/configuration/org.eclipse.osgi/599/0/.cp/lib/javaagent-shaded.jar -Dfile.encoding=UTF-8 --module-path=/home/santhiya/eclipse-workspace/Assignmentlevel1/bin -Djdk.module.main=Assignmentlevel1 
java_command: Assignmentlevel1/intrviewprogram.Programs
java_class_path (initial): <not set>
Launcher Type: SUN_STANDARD

[Global flags]
     intx CICompilerCount                          = 3                                         {product} {ergonomic}
     uint ConcGCThreads                            = 1                                         {product} {ergonomic}
     uint G1ConcRefinementThreads                  = 4                                         {product} {ergonomic}
   size_t G1HeapRegionSize                         = 1048576                                   {product} {ergonomic}
    uintx GCDrainStackTargetSize                   = 64                                        {product} {ergonomic}
   size_t InitialHeapSize                          = 56623104                                  {product} {ergonomic}
   size_t MarkStackSize                            = 4194304                                   {product} {ergonomic}
   size_t MaxHeapSize                              = 882900992                                 {product} {ergonomic}
   size_t MinHeapDeltaBytes                        = 1048576                                   {product} {ergonomic}
   size_t MinHeapSize                              = 8388608                                   {product} {ergonomic}
    uintx NonNMethodCodeHeapSize                   = 5832780                                {pd product} {ergonomic}
    uintx NonProfiledCodeHeapSize                  = 122912730                              {pd product} {ergonomic}
    uintx ProfiledCodeHeapSize                     = 122912730                              {pd product} {ergonomic}
    uintx ReservedCodeCacheSize                    = 251658240                              {pd product} {ergonomic}
     bool SegmentedCodeCache                       = true                                      {product} {ergonomic}
     bool ShowCodeDetailsInExceptionMessages       = true                                   {manageable} {command line}
   size_t SoftMaxHeapSize                          = 882900992                              {manageable} {ergonomic}
     bool UseCompressedClassPointers               = true                           {product lp64_product} {ergonomic}
     bool UseCompressedOops                        = true                           {product lp64_product} {ergonomic}
     bool UseG1GC                                  = true                                      {product} {ergonomic}

Logging:
Log output configuration:
 #0: stdout all=warning uptime,level,tags
 #1: stderr all=off uptime,level,tags

Environment Variables:
PATH=/app/bin:/usr/bin
LD_LIBRARY_PATH=
SHELL=/bin/sh
DISPLAY=:99.0
LANG=en_US.UTF-8

Active Locale:
LC_ALL=C
LC_COLLATE=C
LC_CTYPE=C
LC_MESSAGES=C
LC_MONETARY=C
LC_NUMERIC=C
LC_TIME=C

Signal Handlers:
   SIGSEGV: 0x00007f530dce2250 in libjvm.so+15606352, mask=11100100010111111101111111111110, flags=SA_RESTART|SA_SIGINFO, unblocked
    SIGBUS: 0x00007f530dce2250 in libjvm.so+15606352, mask=11100100010111111101111111111110, flags=SA_RESTART|SA_SIGINFO, unblocked
    SIGFPE: 0x00007f530dce2250 in libjvm.so+15606352, mask=11100100010111111101111111111110, flags=SA_RESTART|SA_SIGINFO, unblocked
   SIGPIPE: 0x00007f530db884b0 in libjvm.so+14189744, mask=11100100010111111101111111111110, flags=SA_RESTART|SA_SIGINFO, blocked
   SIGXFSZ: 0x00007f530db884b0 in libjvm.so+14189744, mask=11100100010111111101111111111110, flags=SA_RESTART|SA_SIGINFO, blocked
    SIGILL: 0x00007f530dce2250 in libjvm.so+15606352, mask=11100100010111111101111111111110, flags=SA_RESTART|SA_SIGINFO, unblocked
   SIGUSR2: 0x00007f530db87b50 in libjvm.so+14187344, mask=00100000000000000000000000000000, flags=SA_RESTART|SA_SIGINFO, blocked
    SIGHUP: SIG_DFL, mask=00000000000000000000000000000000, flags=none, blocked
    SIGINT: SIG_DFL, mask=00000000000000000000000000000000, flags=none, blocked
   SIGTERM: SIG_DFL, mask=00000000000000000000000000000000, flags=none, blocked
   SIGQUIT: 0x00007f530db87a80 in libjvm.so+14187136, mask=11100100010111111101111111111110, flags=SA_RESTART|SA_SIGINFO, blocked
   SIGTRAP: 0x00007f530dce2250 in libjvm.so+15606352, mask=11100100010111111101111111111110, flags=SA_RESTART|SA_SIGINFO, unblocked


---------------  S Y S T E M  ---------------

OS:
NAME=GNOME
VERSION="44 (Flatpak runtime)"
VERSION_ID=44
ID=org.gnome.Platform
PRETTY_NAME="GNOME 44 (Flatpak runtime)"
BUG_REPORT_URL="https://gitlab.gnome.org/GNOME/gnome-build-meta/-/issues/new"
HOME_URL="https://www.gnome.org/"
uname: Linux 6.2.0-26-generic #26~22.04.1-Ubuntu SMP PREEMPT_DYNAMIC Thu Jul 13 16:27:29 UTC 2 x86_64
OS uptime: 0 days 1:14 hours
libc: glibc 2.35 NPTL 2.35 
rlimit (soft/hard): STACK 8192k/infinity , CORE 0k/infinity , NPROC 12884/12884 , NOFILE 1048576/1048576 , AS infinity/infinity , CPU infinity/infinity , DATA infinity/infinity , FSIZE infinity/infinity , MEMLOCK 431092k/431092k
load average: 21.32 10.67 4.37

/proc/meminfo:
MemTotal:        3448736 kB
MemFree:          254724 kB
MemAvailable:     504632 kB
Buffers:           16616 kB
Cached:           424580 kB
SwapCached:         4812 kB
Active:           413688 kB
Inactive:        2368112 kB
Active(anon):     238912 kB
Inactive(anon):  2122620 kB
Active(file):     174776 kB
Inactive(file):   245492 kB
Unevictable:          96 kB
Mlocked:              96 kB
SwapTotal:       2097148 kB
SwapFree:        1864356 kB
Zswap:                 0 kB
Zswapped:              0 kB
Dirty:               888 kB
Writeback:             0 kB
AnonPages:       2336988 kB
Mapped:           231756 kB
Shmem:             20928 kB
KReclaimable:      60032 kB
Slab:             172644 kB
SReclaimable:      60032 kB
SUnreclaim:       112612 kB
KernelStack:       68872 kB
PageTables:        33936 kB
SecPageTables:         0 kB
NFS_Unstable:          0 kB
Bounce:                0 kB
WritebackTmp:          0 kB
CommitLimit:     3821516 kB
Committed_AS:   11353208 kB
VmallocTotal:   34359738367 kB
VmallocUsed:      126652 kB
VmallocChunk:          0 kB
Percpu:             2384 kB
HardwareCorrupted:     0 kB
AnonHugePages:         0 kB
ShmemHugePages:        0 kB
ShmemPmdMapped:        0 kB
FileHugePages:         0 kB
FilePmdMapped:         0 kB
HugePages_Total:       0
HugePages_Free:        0
HugePages_Rsvd:        0
HugePages_Surp:        0
Hugepagesize:       2048 kB
Hugetlb:               0 kB
DirectMap4k:      256768 kB
DirectMap2M:     3377152 kB
DirectMap1G:           0 kB

/sys/kernel/mm/transparent_hugepage/enabled: <Not Available>
/sys/kernel/mm/transparent_hugepage/defrag (defrag/compaction efforts parameter): <Not Available>

Process Memory:
Virtual Size: 1293764K (peak: 1293764K)
Resident Set Size: 14976K (peak: 14976K) (anon: 1920K, file: 13056K, shmem: 0K)
Swapped out: 0K
C-Heap outstanding allocations: 4800K, retained: 151K
glibc malloc tunables: (default)

/proc/sys/kernel/threads-max (system-wide limit on the number of threads): 25768
/proc/sys/vm/max_map_count (maximum number of memory map areas a process may have): 65530
/proc/sys/kernel/pid_max (system-wide limit on number of process identifiers): 4194304

container information not found.
Steal ticks since vm start: 0
Steal ticks percentage since vm start:  0.000

CPU: total 4 (initial active 4) (4 cores per cpu, 1 threads per core) family 22 model 48 stepping 1 microcode 0x7030105, cx8, cmov, fxsr, mmx, 3dnowpref, sse, sse2, sse3, ssse3, sse4a, sse4.1, sse4.2, popcnt, lzcnt, tsc, tscinvbit, avx, aes, clmul, bmi1, vzeroupper, clflush
CPU Model and flags from /proc/cpuinfo:
model name	: AMD PRO A4-3350B APU with Radeon R4 Graphics
flags		: fpu vme de pse tsc msr pae mce cx8 apic sep mtrr pge mca cmov pat pse36 clflush mmx fxsr sse sse2 ht syscall nx mmxext fxsr_opt pdpe1gb rdtscp lm constant_tsc rep_good acc_power nopl nonstop_tsc cpuid extd_apicid aperfmperf pni pclmulqdq monitor ssse3 cx16 sse4_1 sse4_2 movbe popcnt aes xsave avx f16c lahf_lm cmp_legacy svm extapic cr8_legacy abm sse4a misalignsse 3dnowprefetch osvw ibs skinit wdt topoext perfctr_nb bpext ptsc perfctr_llc cpb hw_pstate ssbd vmmcall bmi1 xsaveopt arat npt lbrv svm_lock nrip_save tsc_scale flushbyasid decodeassists pausefilter pfthreshold overflow_recov

Online cpus: 0-3
Offline cpus: 
BIOS frequency limitation: 2000000
Frequency switch latency (ns): 4000
Available cpu frequencies: 2000000 1800000 1600000 1400000 1200000 1000000 
Current governor: schedutil
Core performance/turbo boost: 1

Memory: 4k page, physical 3448736k(254724k free), swap 2097148k(1864356k free)
Page Sizes: 4k

vm_info: OpenJDK 64-Bit Server VM (17.0.7+7) for linux-amd64 JRE (17.0.7+7), built on Apr 18 2023 00:00:00 by "temurin" with gcc 10.3.0

END.
